p/IMG_20220216_121944.jpg 1 0 0 261 1145
p/IMG_20220216_121944_1.jpg 1 0 0 223 1100
p/IMG_20220216_121945.jpg 1 0 0 200 1078
p/IMG_20220216_121945_1.jpg 1 0 0 230 1102
p/IMG_20220216_121945_2.jpg 1 0 0 241 1221
p/IMG_20220216_121946.jpg 1 0 0 200 1081
p/IMG_20220216_121946_1.jpg 1 0 0 198 1110
p/IMG_20220216_121946_2.jpg 1 0 0 194 1088
p/IMG_20220216_121946_3.jpg 1 0 0 200 1125
p/IMG_20220216_121946_4.jpg 1 0 0 177 1071
p/IMG_20220216_121947.jpg 1 0 0 158 1081
p/IMG_20220216_121951.jpg 1 0 0 207 1064
p/IMG_20220216_121951_1.jpg 1 0 0 189 1049
p/IMG_20220216_121951_2.jpg 1 0 0 222 1005
p/IMG_20220216_121951_3.jpg 1 0 0 234 1026
p/IMG_20220216_121952.jpg 1 0 0 240 1085
p/IMG_20220216_121952_1.jpg 1 0 0 218 1082
p/IMG_20220216_121952_2.jpg 1 0 0 224 1052
p/IMG_20220216_121952_3.jpg 1 0 0 199 1029
p/IMG_20220216_121953.jpg 1 0 0 210 1067
p/IMG_20220216_121953_1.jpg 1 0 0 208 1226
p/IMG_20220216_121953_2.jpg 1 0 0 191 1067
p/IMG_20220216_121953_3.jpg 1 0 0 235 1081
p/IMG_20220216_121953_4.jpg 1 0 0 181 1058
p/IMG_20220216_121953_5.jpg 1 0 0 221 1187
p/IMG_20220216_121954.jpg 1 0 0 209 1073
p/IMG_20220216_121954_1.jpg 1 0 0 208 1132
p/IMG_20220216_121954_2.jpg 1 0 0 164 897
p/IMG_20220216_121955.jpg 1 0 0 225 1162
p/IMG_20220216_121955_1.jpg 1 0 0 292 1165
p/IMG_20220216_121955_2.jpg 1 0 0 216 1113
p/IMG_20220216_121955_3.jpg 1 0 0 277 1200
p/IMG_20220216_121955_4.jpg 1 0 0 209 933
p/IMG_20220216_121958.jpg 1 0 0 202 1076
p/IMG_20220216_121958_1.jpg 1 0 0 217 1123
p/IMG_20220216_121958_2.jpg 1 0 0 194 1172
p/IMG_20220216_121958_3.jpg 1 0 0 221 1054
p/IMG_20220216_121958_4.jpg 1 0 0 232 1012
p/IMG_20220216_121959.jpg 1 0 0 235 1042
p/IMG_20220216_121959_1.jpg 1 0 0 205 1198
p/IMG_20220216_121959_2.jpg 1 0 0 260 1148
p/IMG_20220216_121959_3.jpg 1 0 0 203 1043
p/IMG_20220216_121959_4.jpg 1 0 0 228 1085
p/IMG_20220216_121959_5.jpg 1 0 0 352 1032
p/IMG_20220216_122000.jpg 1 0 0 230 1008
p/IMG_20220216_122000_1.jpg 1 0 0 204 1055
p/IMG_20220216_122000_2.jpg 1 0 0 219 1151
p/IMG_20220216_122000_3.jpg 1 0 0 243 1038
p/IMG_20220216_122001.jpg 1 0 0 209 1019
p/IMG_20220216_122001_1.jpg 1 0 0 194 1046
p/IMG_20220216_122001_2.jpg 1 0 0 225 1021
p/IMG_20220216_122001_3.jpg 1 0 0 209 1018
p/IMG_20220216_122001_4.jpg 1 0 0 225 1033
p/IMG_20220216_122002.jpg 1 0 0 172 1018
p/IMG_20220216_122002_1.jpg 1 0 0 267 1011
p/IMG_20220216_122002_2.jpg 1 0 0 178 1195
p/IMG_20220216_122002_3.jpg 1 0 0 185 1025
p/IMG_20220216_122002_4.jpg 1 0 0 206 1027
p/IMG_20220216_122003.jpg 1 0 0 193 1041
p/IMG_20220216_122003_1.jpg 1 0 0 197 1043
p/IMG_20220216_122003_2.jpg 1 0 0 180 1058
p/IMG_20220216_122003_3.jpg 1 0 0 213 1041
p/IMG_20220216_122004.jpg 1 0 0 194 1040
p/IMG_20220216_122004_1.jpg 1 0 0 209 1143
p/IMG_20220216_122004_2.jpg 1 0 0 200 1046
p/IMG_20220216_122004_3.jpg 1 0 0 214 1017
p/IMG_20220216_122004_4.jpg 1 0 0 168 1007
p/IMG_20220216_122005.jpg 1 0 0 177 1020
p/IMG_20220216_122005_1.jpg 1 0 0 175 1002
p/IMG_20220216_122005_2.jpg 1 0 0 179 1005
p/IMG_20220216_122005_3.jpg 1 0 0 177 1011
p/IMG_20220216_122006.jpg 1 0 0 181 1061
p/IMG_20220216_122006_1.jpg 1 0 0 187 1006
p/IMG_20220216_122006_2.jpg 1 0 0 185 1021
p/IMG_20220216_122006_3.jpg 1 0 0 198 1023
p/IMG_20220216_122006_4.jpg 1 0 0 202 1008
p/IMG_20220216_122007.jpg 1 0 0 203 1013
p/IMG_20220216_122007_1.jpg 1 0 0 216 1012
p/IMG_20220216_122007_2.jpg 1 0 0 233 1007
p/IMG_20220216_122007_3.jpg 1 0 0 209 1017
p/IMG_20220216_122007_4.jpg 1 0 0 282 1041
p/IMG_20220216_122008.jpg 1 0 0 293 1117
p/IMG_20220216_122008_1.jpg 1 0 0 237 1042
p/IMG_20220216_122008_2.jpg 1 0 0 255 1045
p/IMG_20220216_122008_3.jpg 1 0 0 289 1119
p/IMG_20220216_122009.jpg 1 0 0 268 1078
p/IMG_20220216_122009_1.jpg 1 0 0 250 1117
p/IMG_20220216_122009_2.jpg 1 0 0 221 1156
p/IMG_20220216_122009_3.jpg 1 0 0 247 1094
p/IMG_20220216_122009_4.jpg 1 0 0 252 1189
p/IMG_20220216_122010.jpg 1 0 0 224 1095
p/IMG_20220216_122010_1.jpg 1 0 0 200 1206
p/IMG_20220216_122010_2.jpg 1 0 0 198 1192
p/IMG_20220216_122010_3.jpg 1 0 0 209 1220
p/IMG_20220216_122011.jpg 1 0 0 209 1241
p/IMG_20220216_122011_1.jpg 1 0 0 202 1155
p/IMG_20220216_122011_2.jpg 1 0 0 200 1142
p/IMG_20220216_122011_3.jpg 1 0 0 202 1214
p/IMG_20220216_122012.jpg 1 0 0 193 1185
p/IMG_20220216_122012_1.jpg 1 0 0 177 1136
p/IMG_20220216_122012_2.jpg 1 0 0 177 1144
p/IMG_20220216_122012_3.jpg 1 0 0 167 1172
p/IMG_20220216_122012_4.jpg 1 0 0 196 1193
p/IMG_20220216_122013.jpg 1 0 0 162 1154
p/IMG_20220216_122013_1.jpg 1 0 0 195 1147
p/IMG_20220216_122013_2.jpg 1 0 0 159 1039
p/IMG_20220216_122013_3.jpg 1 0 0 166 1032
p/IMG_20220216_122014.jpg 1 0 0 152 1023
p/IMG_20220216_122014_1.jpg 1 0 0 199 1109
p/IMG_20220216_122014_2.jpg 1 0 0 199 1120
p/IMG_20220216_122014_3.jpg 1 0 0 207 1154
p/IMG_20220216_122014_4.jpg 1 0 0 218 1153
p/IMG_20220216_122015.jpg 1 0 0 192 1148
p/IMG_20220216_122015_1.jpg 1 0 0 191 1153
p/IMG_20220216_122015_2.jpg 1 0 0 199 1178
p/IMG_20220216_122015_3.jpg 1 0 0 188 1149
p/IMG_20220216_122016.jpg 1 0 0 219 1151
p/IMG_20220216_122016_1.jpg 1 0 0 230 1157
p/IMG_20220216_122016_2.jpg 1 0 0 183 1164
p/IMG_20220216_122017.jpg 1 0 0 201 1153
p/IMG_20220216_122017_1.jpg 1 0 0 212 1164
p/IMG_20220216_122017_2.jpg 1 0 0 216 1170
p/IMG_20220216_122017_3.jpg 1 0 0 193 1164
p/IMG_20220216_122017_4.jpg 1 0 0 198 1147
p/IMG_20220216_122018.jpg 1 0 0 209 1155
p/IMG_20220216_122018_1.jpg 1 0 0 230 1237
p/IMG_20220216_122018_2.jpg 1 0 0 211 1140
p/IMG_20220216_122018_3.jpg 1 0 0 238 1178
p/IMG_20220216_122019.jpg 1 0 0 185 999
p/IMG_20220216_122019_1.jpg 1 0 0 206 1151
p/IMG_20220216_122019_2.jpg 1 0 0 211 1139
p/IMG_20220216_122019_3.jpg 1 0 0 244 1171
p/IMG_20220216_122020.jpg 1 0 0 226 1157
p/IMG_20220216_122020_1.jpg 1 0 0 213 1142
p/IMG_20220216_122020_2.jpg 1 0 0 226 1157
p/IMG_20220216_122020_3.jpg 1 0 0 243 1157
p/IMG_20220216_122021.jpg 1 0 0 223 1116
p/IMG_20220216_122021_1.jpg 1 0 0 245 1157
p/IMG_20220216_122021_2.jpg 1 0 0 241 1147
p/IMG_20220216_122021_3.jpg 1 0 0 231 1171
p/IMG_20220216_122021_4.jpg 1 0 0 227 1172
p/IMG_20220216_122022.jpg 1 0 0 229 1175
p/IMG_20220216_122022_1.jpg 1 0 0 240 1189
p/IMG_20220216_122022_2.jpg 1 0 0 235 1189
p/IMG_20220216_122022_3.jpg 1 0 0 232 1180
p/IMG_20220216_122023.jpg 1 0 0 234 1175
p/IMG_20220216_122023_1.jpg 1 0 0 221 1172
p/IMG_20220216_122023_2.jpg 1 0 0 233 1186
p/IMG_20220216_122023_3.jpg 1 0 0 214 1200
p/IMG_20220216_122024.jpg 1 0 0 210 1138
p/IMG_20220216_122024_1.jpg 1 0 0 209 1116
p/IMG_20220216_122024_2.jpg 1 0 0 183 1115
p/IMG_20220216_122024_3.jpg 1 0 0 232 1068
p/IMG_20220216_122024_4.jpg 1 0 0 193 1060
p/IMG_20220216_122025.jpg 1 0 0 188 1022
p/IMG_20220216_122025_1.jpg 1 0 0 195 1097
p/IMG_20220216_122025_2.jpg 1 0 0 189 1021
p/IMG_20220216_122025_3.jpg 1 0 0 182 1100
p/IMG_20220216_122025_4.jpg 1 0 0 175 1088
p/IMG_20220216_122026.jpg 1 0 0 171 1094
p/IMG_20220216_122026_1.jpg 1 0 0 205 1071
p/IMG_20220216_122026_2.jpg 1 0 0 198 1053
p/IMG_20220216_122026_3.jpg 1 0 0 252 1068
p/IMG_20220216_122027.jpg 1 0 0 224 1107
p/IMG_20220216_122027_1.jpg 1 0 0 200 1128
p/IMG_20220216_122027_2.jpg 1 0 0 223 1102
p/IMG_20220216_122027_3.jpg 1 0 0 245 1023
p/IMG_20220216_122027_4.jpg 1 0 0 207 1121
p/IMG_20220216_122028.jpg 1 0 0 211 1111
p/IMG_20220216_122028_1.jpg 1 0 0 234 1131
p/IMG_20220216_122028_2.jpg 1 0 0 213 1087
p/IMG_20220216_122028_3.jpg 1 0 0 202 1068
p/IMG_20220216_122029.jpg 1 0 0 211 1068
p/IMG_20220216_122029_1.jpg 1 0 0 163 1163
p/IMG_20220216_122029_2.jpg 1 0 0 231 985
p/IMG_20220216_122029_3.jpg 1 0 0 218 935
p/IMG_20220216_122030.jpg 1 0 0 193 1043
p/IMG_20220216_122030_1.jpg 1 0 0 221 1054
p/IMG_20220216_122030_2.jpg 1 0 0 175 891
p/IMG_20220216_122030_3.jpg 1 0 0 171 872
p/IMG_20220216_122030_4.jpg 1 0 0 184 928
p/IMG_20220216_122031.jpg 1 0 0 159 918
p/IMG_20220216_122031_1.jpg 1 0 0 169 939
p/IMG_20220216_122031_2.jpg 1 0 0 189 938
p/IMG_20220216_122031_3.jpg 1 0 0 175 924
p/IMG_20220216_122032.jpg 1 0 0 173 902
p/IMG_20220216_122032_1.jpg 1 0 0 163 889
p/IMG_20220216_122032_2.jpg 1 0 0 119 807
p/IMG_20220216_122032_3.jpg 1 0 0 155 850
p/IMG_20220216_122033.jpg 1 0 0 158 781
p/IMG_20220216_122033_1.jpg 1 0 0 125 747
p/IMG_20220216_122033_2.jpg 1 0 0 120 699
p/IMG_20220216_122033_3.jpg 1 0 0 149 808
p/IMG_20220216_122034.jpg 1 0 0 117 780
p/IMG_20220216_122034_1.jpg 1 0 0 120 810
p/IMG_20220216_122034_2.jpg 1 0 0 112 675
p/IMG_20220216_122034_3.jpg 1 0 0 124 666
p/IMG_20220216_122034_4.jpg 1 0 0 126 671
p/IMG_20220216_122035.jpg 1 0 0 121 692
p/IMG_20220216_122035_1.jpg 1 0 0 129 728
p/IMG_20220216_122035_2.jpg 1 0 0 98 619
p/IMG_20220216_122035_3.jpg 1 0 0 114 704
p/IMG_20220216_122036.jpg 1 0 0 121 702
p/IMG_20220216_122036_1.jpg 1 0 0 118 602
p/IMG_20220216_122036_2.jpg 1 0 0 117 797
p/IMG_20220216_122036_3.jpg 1 0 0 109 681
p/IMG_20220216_122037.jpg 1 0 0 97 580
p/IMG_20220216_122037_1.jpg 1 0 0 103 605
p/IMG_20220216_122037_2.jpg 1 0 0 104 578
p/IMG_20220216_122037_3.jpg 1 0 0 89 554
p/IMG_20220216_122038.jpg 1 0 0 135 662
p/IMG_20220216_122038_1_(2).jpg 1 0 0 93 630
p/IMG_20220216_122038_1.jpg 1 0 0 91 552
p/IMG_20220216_122038_2.jpg 1 0 0 98 556
p/IMG_20220216_122038_3.jpg 1 0 0 116 543
p/IMG_20220216_122038_4.jpg 1 0 0 94 656
p/IMG_20220216_122039.jpg 1 0 0 79 528
p/IMG_20220216_122039_1.jpg 1 0 0 82 529
p/IMG_20220216_122039_2.jpg 1 0 0 106 617
p/IMG_20220216_122039_3.jpg 1 0 0 92 523
p/IMG_20220216_122040.jpg 1 0 0 93 495
p/IMG_20220216_122040_1.jpg 1 0 0 94 568
p/IMG_20220216_122040_2.jpg 1 0 0 88 537
p/IMG_20220216_122040_3.jpg 1 0 0 83 548
p/IMG_20220216_122041.jpg 1 0 0 97 567
p/IMG_20220216_122041_1.jpg 1 0 0 98 502
p/IMG_20220216_122041_2.jpg 1 0 0 95 504
p/IMG_20220216_122041_3.jpg 1 0 0 93 521
p/IMG_20220216_122042.jpg 1 0 0 91 504
p/IMG_20220216_122042_1.jpg 1 0 0 110 565
p/IMG_20220216_122042_2.jpg 1 0 0 102 608
p/IMG_20220216_122042_3.jpg 1 0 0 101 585
p/IMG_20220216_122043.jpg 1 0 0 85 533
p/IMG_20220216_122043_1.jpg 1 0 0 101 532
p/IMG_20220216_122043_2.jpg 1 0 0 111 547
p/IMG_20220216_122045.jpg 1 0 0 96 603
p/IMG_20220216_122045_1.jpg 1 0 0 118 554
p/IMG_20220216_122045_2.jpg 1 0 0 92 583
p/IMG_20220216_122046.jpg 1 0 0 104 524
p/IMG_20220216_122046_1.jpg 1 0 0 94 605
p/IMG_20220216_122046_2.jpg 1 0 0 83 566
p/IMG_20220216_122046_3.jpg 1 0 0 106 603
p/IMG_20220216_122047.jpg 1 0 0 108 661
p/IMG_20220216_122047_1.jpg 1 0 0 89 540
p/IMG_20220216_122047_2.jpg 1 0 0 106 611
p/IMG_20220216_122047_3.jpg 1 0 0 102 525
p/IMG_20220216_122047_4.jpg 1 0 0 116 516
p/IMG_20220216_122048.jpg 1 0 0 102 580
p/IMG_20220216_122048_1.jpg 1 0 0 88 517
p/IMG_20220216_122048_2.jpg 1 0 0 97 560
p/IMG_20220216_122048_3.jpg 1 0 0 132 592
p/IMG_20220216_122049.jpg 1 0 0 104 509
p/IMG_20220216_122049_1.jpg 1 0 0 112 584
p/IMG_20220216_122049_2.jpg 1 0 0 118 562
p/IMG_20220216_122049_3.jpg 1 0 0 103 560
p/IMG_20220216_122049_4.jpg 1 0 0 105 572
p/IMG_20220216_122050.jpg 1 0 0 103 565
p/IMG_20220216_122050_1.jpg 1 0 0 92 549
p/IMG_20220216_122050_2.jpg 1 0 0 99 499
p/IMG_20220216_122050_3.jpg 1 0 0 90 538
p/IMG_20220216_122051.jpg 1 0 0 110 532
p/IMG_20220216_122051_1.jpg 1 0 0 84 544
p/IMG_20220216_122051_2.jpg 1 0 0 102 584
p/IMG_20220216_122051_3.jpg 1 0 0 91 531
p/IMG_20220216_122051_4.jpg 1 0 0 101 545
p/IMG_20220216_122052.jpg 1 0 0 101 564
p/IMG_20220216_122052_1.jpg 1 0 0 99 536
p/IMG_20220216_122052_2.jpg 1 0 0 102 608
p/IMG_20220216_122052_3.jpg 1 0 0 122 512
p/IMG_20220216_122053.jpg 1 0 0 89 518
p/IMG_20220216_122053_1.jpg 1 0 0 121 541
p/IMG_20220216_122053_2.jpg 1 0 0 82 524
p/IMG_20220216_122053_3.jpg 1 0 0 74 513
p/IMG_20220216_122053_4.jpg 1 0 0 81 514
p/IMG_20220216_122054.jpg 1 0 0 83 519
p/IMG_20220216_122054_1.jpg 1 0 0 79 517
p/IMG_20220216_122054_2.jpg 1 0 0 80 512
p/IMG_20220216_122054_3.jpg 1 0 0 79 521
p/IMG_20220216_122055.jpg 1 0 0 75 518
p/IMG_20220216_122055_1.jpg 1 0 0 82 551
p/IMG_20220216_122055_2.jpg 1 0 0 103 528
p/IMG_20220216_122055_3.jpg 1 0 0 84 544
p/IMG_20220216_122055_4.jpg 1 0 0 111 570
p/IMG_20220216_122056.jpg 1 0 0 91 504
p/IMG_20220216_122056_1.jpg 1 0 0 113 461
p/IMG_20220216_122056_2.jpg 1 0 0 92 559
p/IMG_20220216_122056_3.jpg 1 0 0 197 618
p/IMG_20220216_122057.jpg 1 0 0 86 539
p/IMG_20220216_122057_1.jpg 1 0 0 78 533
p/IMG_20220216_122057_2.jpg 1 0 0 77 514
p/IMG_20220216_122057_3.jpg 1 0 0 91 514
p/IMG_20220216_122058.jpg 1 0 0 85 479
p/IMG_20220216_122058_1.jpg 1 0 0 74 514
p/IMG_20220216_122058_2.jpg 1 0 0 92 546
p/IMG_20220216_122058_3.jpg 1 0 0 115 536
p/IMG_20220216_122059.jpg 1 0 0 169 523
p/IMG_20220216_122059_1.jpg 1 0 0 81 528
p/IMG_20220216_122059_2.jpg 1 0 0 88 506
p/IMG_20220216_122059_3.jpg 1 0 0 85 537
p/IMG_20220216_122100.jpg 1 0 0 102 539
p/IMG_20220216_122100_1.jpg 1 0 0 112 546
p/IMG_20220216_122100_2.jpg 1 0 0 98 522
p/IMG_20220216_122100_3.jpg 1 0 0 105 513
p/IMG_20220216_122101.jpg 1 0 0 91 467
p/IMG_20220216_122101_1.jpg 1 0 0 89 517
p/IMG_20220216_122101_2.jpg 1 0 0 117 560
p/IMG_20220216_122101_3.jpg 1 0 0 76 493
p/IMG_20220216_122102.jpg 1 0 0 89 542
p/IMG_20220216_122102_1.jpg 1 0 0 95 509
p/IMG_20220216_122102_2.jpg 1 0 0 79 557
p/IMG_20220216_122102_3.jpg 1 0 0 122 591
p/IMG_20220216_122103.jpg 1 0 0 78 513
p/IMG_20220216_122103_1.jpg 1 0 0 77 456
p/IMG_20220216_122103_2.jpg 1 0 0 88 453
p/IMG_20220216_122103_3.jpg 1 0 0 92 504
p/IMG_20220216_122104.jpg 1 0 0 78 481
p/IMG_20220216_122104_1.jpg 1 0 0 112 459
p/IMG_20220216_122104_2.jpg 1 0 0 88 540
p/IMG_20220216_122104_3.jpg 1 0 0 90 557
p/IMG_20220216_122105.jpg 1 0 0 173 657
p/IMG_20220216_122105_1.jpg 1 0 0 76 468
p/IMG_20220216_122105_2.jpg 1 0 0 84 517
p/IMG_20220216_122105_3.jpg 1 0 0 79 523
p/IMG_20220216_122106.jpg 1 0 0 78 537
p/IMG_20220216_122106_1.jpg 1 0 0 81 560
p/IMG_20220216_122106_2.jpg 1 0 0 123 554
p/IMG_20220216_122106_3.jpg 1 0 0 107 542
p/IMG_20220216_122107.jpg 1 0 0 111 484
p/IMG_20220216_122107_1.jpg 1 0 0 127 611
p/IMG_20220216_122107_2.jpg 1 0 0 87 505
p/IMG_20220216_122108.jpg 1 0 0 84 528
p/IMG_20220216_122108_1.jpg 1 0 0 103 546
p/IMG_20220216_122108_2.jpg 1 0 0 92 540
p/IMG_20220216_122108_3.jpg 1 0 0 90 510
p/IMG_20220216_122109.jpg 1 0 0 98 538
p/IMG_20220216_122111.jpg 1 0 0 105 535
p/IMG_20220216_122111_1.jpg 1 0 0 97 535
p/IMG_20220216_122111_2.jpg 1 0 0 95 545
p/IMG_20220216_122111_3.jpg 1 0 0 69 473
p/IMG_20220216_122112.jpg 1 0 0 96 547
p/IMG_20220216_122112_1.jpg 1 0 0 95 544
p/IMG_20220216_122112_2.jpg 1 0 0 116 557
p/IMG_20220216_122112_3.jpg 1 0 0 99 548
p/IMG_20220216_122113.jpg 1 0 0 104 566
p/IMG_20220216_122113_1.jpg 1 0 0 212 589
p/IMG_20220216_122113_2.jpg 1 0 0 105 571
p/IMG_20220216_122113_3.jpg 1 0 0 90 577
p/IMG_20220216_122113_4.jpg 1 0 0 83 579
p/IMG_20220216_122114.jpg 1 0 0 95 594
p/IMG_20220216_122114_1.jpg 1 0 0 106 590
p/IMG_20220216_122114_2.jpg 1 0 0 93 597
p/IMG_20220216_122114_3.jpg 1 0 0 83 607
p/IMG_20220216_122115.jpg 1 0 0 97 619
p/IMG_20220216_122115_1.jpg 1 0 0 98 620
p/IMG_20220216_122115_2.jpg 1 0 0 89 626
p/IMG_20220216_122115_3.jpg 1 0 0 84 606
p/IMG_20220216_122115_4.jpg 1 0 0 80 623
p/IMG_20220216_122116.jpg 1 0 0 82 618
p/IMG_20220216_122116_1.jpg 1 0 0 80 617
p/IMG_20220216_122116_2.jpg 1 0 0 85 634
p/IMG_20220216_122116_3.jpg 1 0 0 93 637
p/IMG_20220216_122117.jpg 1 0 0 98 640
p/IMG_20220216_122117_1.jpg 1 0 0 100 644
p/IMG_20220216_122117_2.jpg 1 0 0 104 644
p/IMG_20220216_122117_3.jpg 1 0 0 106 647
p/IMG_20220216_122117_4.jpg 1 0 0 99 655
p/IMG_20220216_122118.jpg 1 0 0 98 645
p/IMG_20220216_122118_1.jpg 1 0 0 91 652
p/IMG_20220216_122118_2.jpg 1 0 0 90 645
p/IMG_20220216_122118_3.jpg 1 0 0 85 639
p/IMG_20220216_122119.jpg 1 0 0 90 646
p/IMG_20220216_122119_1.jpg 1 0 0 105 640
p/IMG_20220216_122119_2.jpg 1 0 0 121 640
p/IMG_20220216_122119_3.jpg 1 0 0 118 584
p/IMG_20220216_122120.jpg 1 0 0 105 565
p/IMG_20220216_122120_1.jpg 1 0 0 99 605
p/IMG_20220216_122120_2.jpg 1 0 0 107 645
p/IMG_20220216_122120_3.jpg 1 0 0 98 642
p/IMG_20220216_122120_4.jpg 1 0 0 123 687
p/IMG_20220216_122121.jpg 1 0 0 99 576
p/IMG_20220216_122121_1.jpg 1 0 0 100 560
p/IMG_20220216_122121_2.jpg 1 0 0 116 552
p/IMG_20220216_122121_3.jpg 1 0 0 106 563
p/IMG_20220216_122122.jpg 1 0 0 116 618
p/IMG_20220216_122122_1.jpg 1 0 0 115 648
p/IMG_20220216_122122_2.jpg 1 0 0 117 694
p/IMG_20220216_122122_3.jpg 1 0 0 113 637
p/IMG_20220216_122123.jpg 1 0 0 113 616
p/IMG_20220216_122123_1.jpg 1 0 0 123 625
p/IMG_20220216_122123_2.jpg 1 0 0 139 612
p/IMG_20220216_122123_3.jpg 1 0 0 125 656
p/IMG_20220216_122123_4.jpg 1 0 0 114 630
p/IMG_20220216_122124.jpg 1 0 0 132 738
p/IMG_20220216_122124_1.jpg 1 0 0 129 672
p/IMG_20220216_122124_2.jpg 1 0 0 114 648
p/IMG_20220216_122124_3.jpg 1 0 0 133 564
p/IMG_20220216_122125.jpg 1 0 0 156 607
p/IMG_20220216_122125_1.jpg 1 0 0 115 585
p/IMG_20220216_122125_2.jpg 1 0 0 125 613
p/IMG_20220216_122125_3.jpg 1 0 0 87 611
p/IMG_20220216_122125_4.jpg 1 0 0 93 611
p/IMG_20220216_122126.jpg 1 0 0 94 639
p/IMG_20220216_122126_1.jpg 1 0 0 78 611
p/IMG_20220216_122126_2.jpg 1 0 0 81 627
p/IMG_20220216_122126_3.jpg 1 0 0 88 594
p/IMG_20220216_122127.jpg 1 0 0 139 573
p/IMG_20220216_122127_1.jpg 1 0 0 90 611
p/IMG_20220216_122127_2.jpg 1 0 0 94 596
p/IMG_20220216_122127_3.jpg 1 0 0 81 596
p/IMG_20220216_122128.jpg 1 0 0 100 615
p/IMG_20220216_122128_1.jpg 1 0 0 76 524
p/IMG_20220216_122128_2.jpg 1 0 0 95 648
p/IMG_20220216_122129.jpg 1 0 0 105 657
p/IMG_20220216_122130.jpg 1 0 0 112 643
p/IMG_20220216_122130_1.jpg 1 0 0 133 674
p/IMG_20220216_122130_2.jpg 1 0 0 128 679
p/IMG_20220216_122130_3.jpg 1 0 0 113 680
p/IMG_20220216_122131.jpg 1 0 0 98 728
p/IMG_20220216_122131_1.jpg 1 0 0 90 662
p/IMG_20220216_122131_2.jpg 1 0 0 98 672
p/IMG_20220216_122131_3.jpg 1 0 0 98 684
p/IMG_20220216_122131_4.jpg 1 0 0 99 671
p/IMG_20220216_122132.jpg 1 0 0 135 665
p/IMG_20220216_122132_1.jpg 1 0 0 118 678
p/IMG_20220216_122132_2.jpg 1 0 0 118 691
p/IMG_20220216_122132_3.jpg 1 0 0 111 696
p/IMG_20220216_122133.jpg 1 0 0 114 726
p/IMG_20220216_122133_1.jpg 1 0 0 121 714
p/IMG_20220216_122133_2.jpg 1 0 0 119 739
p/IMG_20220216_122133_3.jpg 1 0 0 121 757
p/IMG_20220216_122134.jpg 1 0 0 122 736
p/IMG_20220216_122134_1.jpg 1 0 0 121 799
p/IMG_20220216_122134_2.jpg 1 0 0 119 751
p/IMG_20220216_122134_3.jpg 1 0 0 115 753
p/IMG_20220216_122135.jpg 1 0 0 123 755
p/IMG_20220216_122135_1.jpg 1 0 0 123 694
p/IMG_20220216_122135_2.jpg 1 0 0 118 806
p/IMG_20220216_122135_3.jpg 1 0 0 148 716
p/IMG_20220216_122136.jpg 1 0 0 125 726
p/IMG_20220216_122136_1.jpg 1 0 0 187 702
p/IMG_20220216_122136_2.jpg 1 0 0 119 774
p/IMG_20220216_122136_3.jpg 1 0 0 125 793
p/IMG_20220216_122137.jpg 1 0 0 138 817
p/IMG_20220216_122137_1.jpg 1 0 0 131 792
p/IMG_20220216_122137_2.jpg 1 0 0 140 775
p/IMG_20220216_122137_3.jpg 1 0 0 152 772
p/IMG_20220216_122138.jpg 1 0 0 143 771
p/IMG_20220216_122138_1.jpg 1 0 0 160 780
p/IMG_20220216_122138_2.jpg 1 0 0 159 786
p/IMG_20220216_122138_3.jpg 1 0 0 170 823
p/IMG_20220216_122139.jpg 1 0 0 154 771
p/IMG_20220216_122139_1.jpg 1 0 0 148 783
p/IMG_20220216_122139_2.jpg 1 0 0 155 787
p/IMG_20220216_122139_3.jpg 1 0 0 131 769
p/IMG_20220216_122140.jpg 1 0 0 139 780
p/IMG_20220216_122140_1.jpg 1 0 0 137 785
p/IMG_20220216_122140_2.jpg 1 0 0 154 775
p/IMG_20220216_122140_3.jpg 1 0 0 150 776
p/IMG_20220216_122140_4.jpg 1 0 0 152 783
p/IMG_20220216_122141.jpg 1 0 0 146 780
p/IMG_20220216_122149.jpg 1 0 0 118 743
p/IMG_20220216_122149_1.jpg 1 0 0 107 748
p/IMG_20220216_122150.jpg 1 0 0 134 730
p/IMG_20220216_122150_1.jpg 1 0 0 116 752
p/IMG_20220216_122150_2.jpg 1 0 0 137 792
p/IMG_20220216_122150_3.jpg 1 0 0 146 672
p/IMG_20220216_122150_4.jpg 1 0 0 106 706
p/IMG_20220216_122151.jpg 1 0 0 129 694
p/IMG_20220216_122151_1.jpg 1 0 0 100 713
p/IMG_20220216_122151_2.jpg 1 0 0 103 704
p/IMG_20220216_122151_3.jpg 1 0 0 106 689
p/IMG_20220216_122151_4.jpg 1 0 0 120 679
p/IMG_20220216_122152.jpg 1 0 0 102 680
p/IMG_20220216_122152_1.jpg 1 0 0 104 670
p/IMG_20220216_122152_2.jpg 1 0 0 104 689
p/IMG_20220216_122152_3.jpg 1 0 0 100 686
p/IMG_20220216_122153.jpg 1 0 0 99 665
p/IMG_20220216_122153_1.jpg 1 0 0 99 654
p/IMG_20220216_122153_2.jpg 1 0 0 98 642
p/IMG_20220216_122153_3.jpg 1 0 0 130 743
p/IMG_20220216_122154.jpg 1 0 0 116 643
p/IMG_20220216_122154_1.jpg 1 0 0 92 659
p/IMG_20220216_122154_2.jpg 1 0 0 175 632
p/IMG_20220216_122154_3.jpg 1 0 0 94 640
p/IMG_20220216_122154_4.jpg 1 0 0 88 633
p/IMG_20220216_122155.jpg 1 0 0 95 621
p/IMG_20220216_122155_1.jpg 1 0 0 111 707
p/IMG_20220216_122155_2.jpg 1 0 0 108 707
p/IMG_20220216_122155_3.jpg 1 0 0 121 701
p/IMG_20220216_122156.jpg 1 0 0 101 648
p/IMG_20220216_122156_1.jpg 1 0 0 97 626
p/IMG_20220216_122156_2.jpg 1 0 0 101 639
p/IMG_20220216_122156_3.jpg 1 0 0 102 637
p/IMG_20220216_122157.jpg 1 0 0 94 633
p/IMG_20220216_122157_1.jpg 1 0 0 96 636
p/IMG_20220216_122157_2.jpg 1 0 0 90 631
p/IMG_20220216_122157_3.jpg 1 0 0 89 634
p/IMG_20220216_122158.jpg 1 0 0 91 627
p/IMG_20220216_122158_1.jpg 1 0 0 98 629
p/IMG_20220216_122158_2.jpg 1 0 0 92 626
p/IMG_20220216_122159.jpg 1 0 0 107 640
p/IMG_20220216_122159_1.jpg 1 0 0 115 615
p/IMG_20220216_122159_2.jpg 1 0 0 80 617
p/IMG_20220216_122159_3.jpg 1 0 0 114 627
p/IMG_20220216_122200.jpg 1 0 0 115 633
p/IMG_20220216_122200_1.jpg 1 0 0 113 634
p/IMG_20220216_122200_2.jpg 1 0 0 117 649
p/IMG_20220216_122200_3.jpg 1 0 0 108 647
p/IMG_20220216_122201.jpg 1 0 0 114 628
p/IMG_20220216_122201_1.jpg 1 0 0 101 614
p/IMG_20220216_122201_2.jpg 1 0 0 102 611
p/IMG_20220216_122202.jpg 1 0 0 101 617
p/IMG_20220216_122202_1.jpg 1 0 0 106 649
p/IMG_20220216_122202_2.jpg 1 0 0 101 659
p/IMG_20220216_122203.jpg 1 0 0 119 674
p/IMG_20220216_122203_1.jpg 1 0 0 105 662
p/IMG_20220216_122203_2.jpg 1 0 0 120 692
p/IMG_20220216_122203_3.jpg 1 0 0 118 671
p/IMG_20220216_122204.jpg 1 0 0 138 711
p/IMG_20220216_122204_1.jpg 1 0 0 110 699
p/IMG_20220216_122204_2.jpg 1 0 0 123 748
p/IMG_20220216_122204_3.jpg 1 0 0 141 761
p/IMG_20220216_122205.jpg 1 0 0 119 749
p/IMG_20220216_122205_1.jpg 1 0 0 140 763
p/IMG_20220216_122205_2.jpg 1 0 0 138 764
p/IMG_20220216_122205_3.jpg 1 0 0 147 762
p/IMG_20220216_122206.jpg 1 0 0 145 778
p/IMG_20220216_122206_1.jpg 1 0 0 159 837
p/IMG_20220216_122206_2.jpg 1 0 0 184 807
p/IMG_20220216_122206_3.jpg 1 0 0 179 823
p/IMG_20220216_122206_4.jpg 1 0 0 183 815
p/IMG_20220216_122207.jpg 1 0 0 200 821
p/IMG_20220216_122207_1.jpg 1 0 0 176 806
p/IMG_20220216_122207_2.jpg 1 0 0 173 957
p/IMG_20220216_122207_3.jpg 1 0 0 200 896
p/IMG_20220216_122208.jpg 1 0 0 177 830
p/IMG_20220216_122208_1.jpg 1 0 0 167 823
p/IMG_20220216_122208_2.jpg 1 0 0 162 803
p/IMG_20220216_122208_3.jpg 1 0 0 144 798
p/IMG_20220216_122209.jpg 1 0 0 141 797
p/IMG_20220216_122209_1.jpg 1 0 0 161 792
p/IMG_20220216_122209_2.jpg 1 0 0 205 861
p/IMG_20220216_122209_3.jpg 1 0 0 162 844
p/IMG_20220216_122210.jpg 1 0 0 168 839
p/IMG_20220216_122210_1.jpg 1 0 0 165 875
p/IMG_20220216_122210_2.jpg 1 0 0 184 860
p/IMG_20220216_122210_3.jpg 1 0 0 179 878
p/IMG_20220216_122210_4.jpg 1 0 0 175 852
p/IMG_20220216_122211.jpg 1 0 0 178 877
p/IMG_20220216_122211_1.jpg 1 0 0 180 863
p/IMG_20220216_122211_2.jpg 1 0 0 188 844
p/IMG_20220216_122211_3.jpg 1 0 0 196 823
p/IMG_20220216_122212.jpg 1 0 0 174 849
p/IMG_20220216_122212_1.jpg 1 0 0 175 832
p/IMG_20220216_122212_2.jpg 1 0 0 150 853
p/IMG_20220216_122212_3.jpg 1 0 0 150 826
p/IMG_20220216_122213.jpg 1 0 0 165 824
p/IMG_20220216_122213_1.jpg 1 0 0 169 832
p/IMG_20220216_122213_2.jpg 1 0 0 171 852
p/IMG_20220216_122213_3.jpg 1 0 0 221 898
p/IMG_20220216_122214.jpg 1 0 0 229 905
p/IMG_20220216_122214_1.jpg 1 0 0 192 875
p/IMG_20220216_122214_2.jpg 1 0 0 195 888
p/IMG_20220216_122214_3.jpg 1 0 0 265 949
p/IMG_20220216_122215.jpg 1 0 0 175 912
p/IMG_20220216_122215_1.jpg 1 0 0 251 935
p/IMG_20220216_122215_2.jpg 1 0 0 208 895
p/IMG_20220216_122215_3.jpg 1 0 0 203 919
p/IMG_20220216_122216.jpg 1 0 0 206 1024
p/IMG_20220216_122216_1.jpg 1 0 0 217 1012
p/IMG_20220216_122216_2.jpg 1 0 0 215 1072
p/IMG_20220216_122216_3.jpg 1 0 0 236 1061
p/IMG_20220216_122217.jpg 1 0 0 192 1065
p/IMG_20220216_122217_1.jpg 1 0 0 250 1110
p/IMG_20220216_122217_2.jpg 1 0 0 235 1027
p/IMG_20220216_122217_3.jpg 1 0 0 203 1011
p/IMG_20220216_122218.jpg 1 0 0 283 1015
p/IMG_20220216_122218_1.jpg 1 0 0 306 1033
p/IMG_20220216_122218_2.jpg 1 0 0 329 999
p/IMG_20220216_122218_3.jpg 1 0 0 299 974
p/IMG_20220216_122219.jpg 1 0 0 231 1037
p/IMG_20220216_122219_1.jpg 1 0 0 319 1091
p/IMG_20220216_122219_2.jpg 1 0 0 300 1085
p/IMG_20220216_122219_3.jpg 1 0 0 380 1091
p/IMG_20220216_122220.jpg 1 0 0 298 1108
p/IMG_20220216_122220_1.jpg 1 0 0 298 1095
p/IMG_20220216_122220_2.jpg 1 0 0 351 1104
p/IMG_20220216_122220_3.jpg 1 0 0 261 1027
p/IMG_20220216_122221.jpg 1 0 0 295 964
p/IMG_20220216_122221_1.jpg 1 0 0 229 937
p/IMG_20220216_122221_2.jpg 1 0 0 270 960
p/IMG_20220216_122221_3.jpg 1 0 0 259 996
p/IMG_20220216_122222.jpg 1 0 0 226 976
p/IMG_20220216_122222_1.jpg 1 0 0 243 967
p/IMG_20220216_122222_2.jpg 1 0 0 245 982
p/IMG_20220216_122222_3.jpg 1 0 0 257 975
p/IMG_20220216_122223.jpg 1 0 0 267 974
p/IMG_20220216_122223_1.jpg 1 0 0 286 948
p/IMG_20220216_122223_2.jpg 1 0 0 291 1065
p/IMG_20220216_122224.jpg 1 0 0 207 1051
p/IMG_20220216_122224_1.jpg 1 0 0 222 1072
p/IMG_20220216_122224_2.jpg 1 0 0 194 988
p/IMG_20220216_122224_3.jpg 1 0 0 224 1048
p/IMG_20220216_122225.jpg 1 0 0 187 1016
p/IMG_20220216_122225_1.jpg 1 0 0 192 958
p/IMG_20220216_122225_2.jpg 1 0 0 176 992
p/IMG_20220216_122225_3.jpg 1 0 0 178 978
p/IMG_20220216_122226.jpg 1 0 0 172 948
p/IMG_20220216_122226_1.jpg 1 0 0 200 995
p/IMG_20220216_122226_2.jpg 1 0 0 184 924
p/IMG_20220216_122226_3.jpg 1 0 0 196 966
p/IMG_20220216_122227.jpg 1 0 0 200 940
p/IMG_20220216_122227_1.jpg 1 0 0 206 944
p/IMG_20220216_122227_2.jpg 1 0 0 220 975
p/IMG_20220216_122227_3.jpg 1 0 0 236 955
p/IMG_20220216_122228.jpg 1 0 0 238 942
p/IMG_20220216_122228_1.jpg 1 0 0 246 993
p/IMG_20220216_122228_2.jpg 1 0 0 236 980
p/IMG_20220216_122229.jpg 1 0 0 223 988
p/IMG_20220216_122229_1.jpg 1 0 0 277 1035
p/IMG_20220216_122229_2.jpg 1 0 0 308 1031
p/IMG_20220216_122229_3.jpg 1 0 0 330 1043
p/IMG_20220216_122230.jpg 1 0 0 305 1052
p/IMG_20220216_122230_1.jpg 1 0 0 285 1049
p/IMG_20220216_122230_2.jpg 1 0 0 280 1060
p/IMG_20220216_122230_3.jpg 1 0 0 290 1069
p/IMG_20220216_122231.jpg 1 0 0 295 1114
p/IMG_20220216_122231_1.jpg 1 0 0 300 1094
p/IMG_20220216_122231_2.jpg 1 0 0 280 1074
p/IMG_20220216_122231_3.jpg 1 0 0 271 1081
p/IMG_20220216_122232.jpg 1 0 0 272 1142
p/IMG_20220216_122232_1.jpg 1 0 0 244 1171
p/IMG_20220216_122232_2.jpg 1 0 0 243 1152
p/IMG_20220216_122232_3.jpg 1 0 0 234 1202
p/IMG_20220216_122233.jpg 1 0 0 224 1239
p/IMG_20220216_122233_1.jpg 1 0 0 262 1244
p/IMG_20220216_122233_2.jpg 1 0 0 234 1236
p/IMG_20220216_122234.jpg 1 0 0 239 1213
p/IMG_20220216_122234_1.jpg 1 0 0 257 1219
p/IMG_20220216_122234_2.jpg 1 0 0 245 1150
p/IMG_20220216_122234_3.jpg 1 0 0 202 1018
p/IMG_20220216_122235.jpg 1 0 0 199 1035
p/IMG_20220216_122235_1.jpg 1 0 0 259 1164
p/IMG_20220216_122235_2.jpg 1 0 0 245 1183
p/IMG_20220216_122235_3.jpg 1 0 0 206 1180
p/IMG_20220216_122235_4.jpg 1 0 0 245 1156
p/IMG_20220216_122236.jpg 1 0 0 237 1172
p/IMG_20220216_122236_1.jpg 1 0 0 254 1198
p/IMG_20220216_122236_2.jpg 1 0 0 237 1190
p/IMG_20220216_122236_3.jpg 1 0 0 231 1201
p/IMG_20220216_122237.jpg 1 0 0 271 1229
p/IMG_20220216_122237_1.jpg 1 0 0 286 1224
p/IMG_20220216_122237_2.jpg 1 0 0 290 1352
p/IMG_20220216_122237_3.jpg 1 0 0 293 1393
p/IMG_20220216_122238.jpg 1 0 0 333 1339
p/IMG_20220216_122238_1.jpg 1 0 0 258 1228
p/IMG_20220216_122238_2.jpg 1 0 0 277 1199
p/IMG_20220216_122238_3.jpg 1 0 0 245 1180
p/IMG_20220216_122239.jpg 1 0 0 296 1274
p/IMG_20220216_122239_1.jpg 1 0 0 321 1279
p/IMG_20220216_122239_2.jpg 1 0 0 342 1273
p/IMG_20220216_122239_3.jpg 1 0 0 365 1267
p/IMG_20220216_122240.jpg 1 0 0 363 1260
p/IMG_20220216_122240_1.jpg 1 0 0 393 1325
p/IMG_20220216_122240_2.jpg 1 0 0 281 1147
p/IMG_20220216_122241.jpg 1 0 0 304 1187
p/IMG_20220216_122241_1.jpg 1 0 0 317 1159
p/IMG_20220216_122241_2.jpg 1 0 0 351 1178
p/IMG_20220216_122241_3.jpg 1 0 0 349 1153
p/IMG_20220216_122242.jpg 1 0 0 357 1217
p/IMG_20220216_122242_1.jpg 1 0 0 429 1171
p/IMG_20220216_122242_2.jpg 1 0 0 353 1188
p/IMG_20220216_122242_3.jpg 1 0 0 355 1237
p/IMG_20220216_122243.jpg 1 0 0 432 1237
p/IMG_20220216_122243_1.jpg 1 0 0 372 1265
p/IMG_20220216_122243_2.jpg 1 0 0 380 1327
p/IMG_20220216_122243_3.jpg 1 0 0 417 1379
p/IMG_20220216_122244.jpg 1 0 0 424 1370
p/IMG_20220216_122244_1.jpg 1 0 0 400 1344
p/IMG_20220216_122244_2.jpg 1 0 0 330 1360
p/IMG_20220216_122244_3.jpg 1 0 0 306 1377
p/IMG_20220216_122245.jpg 1 0 0 278 1327
p/IMG_20220216_122245_1.jpg 1 0 0 274 1336
p/IMG_20220216_122245_2.jpg 1 0 0 303 1324
p/IMG_20220216_122246.jpg 1 0 0 375 1488
p/IMG_20220216_122246_1.jpg 1 0 0 385 1531
p/IMG_20220216_122246_2.jpg 1 0 0 413 1508
p/IMG_20220216_122246_3.jpg 1 0 0 423 1500
p/IMG_20220216_122246_4.jpg 1 0 0 438 1538
p/IMG_20220216_122247.jpg 1 0 0 436 1535
p/IMG_20220216_122247_1.jpg 1 0 0 448 1505
p/IMG_20220216_122247_2.jpg 1 0 0 431 1482
p/IMG_20220216_122247_3.jpg 1 0 0 551 1414
p/IMG_20220216_122248.jpg 1 0 0 473 1234
p/IMG_20220216_122248_1.jpg 1 0 0 320 1199
p/IMG_20220216_122248_2.jpg 1 0 0 398 1414
p/IMG_20220216_122248_3.jpg 1 0 0 310 1437
p/IMG_20220216_122249.jpg 1 0 0 309 1387
p/IMG_20220216_122249_1.jpg 1 0 0 327 1421
p/IMG_20220216_122249_2.jpg 1 0 0 332 1347
p/IMG_20220216_122249_3.jpg 1 0 0 344 1361
p/IMG_20220216_122250.jpg 1 0 0 330 1326
p/IMG_20220216_122250_1.jpg 1 0 0 336 1304
p/IMG_20220216_122250_2.jpg 1 0 0 251 1302
p/IMG_20220216_122250_3.jpg 1 0 0 317 1258
p/IMG_20220216_122251.jpg 1 0 0 287 1212
p/IMG_20220216_122251_1.jpg 1 0 0 304 1390
p/IMG_20220216_122251_2.jpg 1 0 0 260 1159
p/IMG_20220216_122251_3.jpg 1 0 0 220 1159
p/IMG_20220216_122252.jpg 1 0 0 234 1147
p/IMG_20220216_122252_1.jpg 1 0 0 239 1167
p/IMG_20220216_122252_2.jpg 1 0 0 234 1220
p/IMG_20220216_122252_3.jpg 1 0 0 238 1154
p/IMG_20220216_122253.jpg 1 0 0 267 1129
p/IMG_20220216_122253_1.jpg 1 0 0 236 1101
p/IMG_20220216_122253_2.jpg 1 0 0 239 1120
p/IMG_20220216_122253_3.jpg 1 0 0 217 1059
p/IMG_20220216_122254.jpg 1 0 0 251 1065
p/IMG_20220216_122254_1.jpg 1 0 0 284 1074
p/IMG_20220216_122254_2.jpg 1 0 0 294 1056
p/IMG_20220216_122254_3.jpg 1 0 0 251 1084
p/IMG_20220216_122255.jpg 1 0 0 235 1026
p/IMG_20220216_122255_1.jpg 1 0 0 275 1035
p/IMG_20220216_122255_2.jpg 1 0 0 264 1147
p/IMG_20220216_122307.jpg 1 0 0 431 1128
p/IMG_20220216_122307_1.jpg 1 0 0 272 1240
p/IMG_20220216_122307_2.jpg 1 0 0 236 1168
p/IMG_20220216_122308.jpg 1 0 0 243 1115
p/IMG_20220216_122308_1.jpg 1 0 0 246 1160
p/IMG_20220216_122308_2.jpg 1 0 0 241 1213
p/IMG_20220216_122308_3.jpg 1 0 0 294 1180
p/IMG_20220216_122308_4.jpg 1 0 0 268 1151
p/IMG_20220216_122309.jpg 1 0 0 270 1147
p/IMG_20220216_122309_1.jpg 1 0 0 239 1099
p/IMG_20220216_122309_2.jpg 1 0 0 258 1164
p/IMG_20220216_122309_3.jpg 1 0 0 254 1116
p/IMG_20220216_122309_4.jpg 1 0 0 227 1000
p/IMG_20220216_122310.jpg 1 0 0 188 957
p/IMG_20220216_122310_1.jpg 1 0 0 170 932
p/IMG_20220216_122310_2.jpg 1 0 0 164 929
p/IMG_20220216_122311.jpg 1 0 0 169 958
p/IMG_20220216_122311_1.jpg 1 0 0 243 1044
p/IMG_20220216_122311_2.jpg 1 0 0 245 1045
p/IMG_20220216_122311_3.jpg 1 0 0 206 1051
p/IMG_20220216_122311_4.jpg 1 0 0 224 1059
p/IMG_20220216_122312.jpg 1 0 0 220 1088
p/IMG_20220216_122312_1.jpg 1 0 0 214 1098
p/IMG_20220216_122312_2.jpg 1 0 0 230 1077
p/IMG_20220216_122312_3.jpg 1 0 0 230 1051
p/IMG_20220216_122312_4.jpg 1 0 0 231 1087
p/IMG_20220216_122313.jpg 1 0 0 231 1076
p/IMG_20220216_122313_1.jpg 1 0 0 223 1089
p/IMG_20220216_122313_2.jpg 1 0 0 255 1080
p/IMG_20220216_122313_3.jpg 1 0 0 269 1080
p/IMG_20220216_122314.jpg 1 0 0 287 1061
p/IMG_20220216_122314_1.jpg 1 0 0 158 905
p/IMG_20220216_122314_2.jpg 1 0 0 169 947
p/IMG_20220216_122315.jpg 1 0 0 155 952
p/IMG_20220216_122315_1.jpg 1 0 0 194 948
p/IMG_20220216_122315_2.jpg 1 0 0 232 1124
p/IMG_20220216_122315_3.jpg 1 0 0 322 1174
p/IMG_20220216_122315_4.jpg 1 0 0 258 1116
p/IMG_20220216_122316.jpg 1 0 0 229 1113
p/IMG_20220216_122316_1.jpg 1 0 0 251 1105
p/IMG_20220216_122317.jpg 1 0 0 256 1122
p/IMG_20220216_122317_1.jpg 1 0 0 264 1106
p/IMG_20220216_122317_2.jpg 1 0 0 268 1153
p/IMG_20220216_122317_3.jpg 1 0 0 261 1123
p/IMG_20220216_122318.jpg 1 0 0 268 1221
p/IMG_20220216_122318_1.jpg 1 0 0 279 1228
p/IMG_20220216_122318_2.jpg 1 0 0 289 1225
p/IMG_20220216_122318_3.jpg 1 0 0 254 1080
p/IMG_20220216_122318_4.jpg 1 0 0 256 1070
p/IMG_20220216_122319.jpg 1 0 0 244 1102
p/IMG_20220216_122319_1.jpg 1 0 0 250 1094
p/IMG_20220216_122319_2.jpg 1 0 0 302 1155
p/IMG_20220216_122319_3.jpg 1 0 0 242 1143
p/IMG_20220216_122320.jpg 1 0 0 251 1116
p/IMG_20220216_122320_1.jpg 1 0 0 261 1148
p/IMG_20220216_122320_2.jpg 1 0 0 235 1121
p/IMG_20220216_122320_3.jpg 1 0 0 247 1131
p/IMG_20220216_122320_4.jpg 1 0 0 226 1110
p/IMG_20220216_122321.jpg 1 0 0 235 1106
p/IMG_20220216_122321_1.jpg 1 0 0 273 1140
p/IMG_20220216_122321_2.jpg 1 0 0 252 1121
p/IMG_20220216_122321_3.jpg 1 0 0 266 1118
p/IMG_20220216_122322.jpg 1 0 0 239 1138
p/IMG_20220216_122322_1.jpg 1 0 0 218 1008
p/IMG_20220216_122322_2.jpg 1 0 0 213 953
p/IMG_20220216_122322_3.jpg 1 0 0 200 969
p/IMG_20220216_122323.jpg 1 0 0 199 969
p/IMG_20220216_122323_1.jpg 1 0 0 189 974
p/IMG_20220216_122330.jpg 1 0 0 225 1008
p/IMG_20220216_122331.jpg 1 0 0 217 1016
p/IMG_20220216_122331_1.jpg 1 0 0 207 1003
p/IMG_20220216_122331_2.jpg 1 0 0 216 1010
p/IMG_20220216_122331_3.jpg 1 0 0 221 961
p/IMG_20220216_122331_4.jpg 1 0 0 227 996
p/IMG_20220216_122332.jpg 1 0 0 218 963
p/IMG_20220216_122332_1.jpg 1 0 0 199 955
p/IMG_20220216_122332_2.jpg 1 0 0 217 942
p/IMG_20220216_122332_3.jpg 1 0 0 213 940
p/IMG_20220216_122332_4.jpg 1 0 0 220 921
p/IMG_20220216_122333.jpg 1 0 0 204 904
p/IMG_20220216_122333_1.jpg 1 0 0 204 888
p/IMG_20220216_122333_2.jpg 1 0 0 187 867
p/IMG_20220216_122334.jpg 1 0 0 196 872
p/IMG_20220216_122334_1.jpg 1 0 0 189 813
p/IMG_20220216_122334_2.jpg 1 0 0 198 970
p/IMG_20220216_122335.jpg 1 0 0 162 961
p/IMG_20220216_122335_1.jpg 1 0 0 184 951
p/IMG_20220216_122335_2.jpg 1 0 0 186 960
p/IMG_20220216_122335_3.jpg 1 0 0 201 957
p/IMG_20220216_122336.jpg 1 0 0 212 971
p/IMG_20220216_122336_1.jpg 1 0 0 211 954
p/IMG_20220216_122337.jpg 1 0 0 254 996
p/IMG_20220216_122338.jpg 1 0 0 245 969
p/IMG_20220216_122339.jpg 1 0 0 231 964
p/IMG_20220216_122339_1.jpg 1 0 0 227 976
p/IMG_20220216_122339_2.jpg 1 0 0 233 976
p/IMG_20220216_122340.jpg 1 0 0 232 966
p/IMG_20220216_122340_1.jpg 1 0 0 277 960
p/IMG_20220216_122340_2.jpg 1 0 0 266 983
p/IMG_20220216_122341.jpg 1 0 0 278 954
p/IMG_20220216_122341_1.jpg 1 0 0 280 975
p/IMG_20220216_122342.jpg 1 0 0 198 1027
p/IMG_20220216_122342_1.jpg 1 0 0 220 1005
p/IMG_20220216_122343.jpg 1 0 0 205 1045
p/IMG_20220216_122343_1.jpg 1 0 0 225 1052
p/IMG_20220216_122344.jpg 1 0 0 203 987
p/IMG_20220216_122344_1.jpg 1 0 0 151 887
p/IMG_20220216_122345.jpg 1 0 0 183 857
p/IMG_20220216_122345_1.jpg 1 0 0 189 996
p/IMG_20220216_122345_2.jpg 1 0 0 216 1002
p/IMG_20220216_122345_3.jpg 1 0 0 238 1031
p/IMG_20220216_122346.jpg 1 0 0 245 1050
p/IMG_20220216_122348.jpg 1 0 0 214 1055
p/IMG_20220216_122349.jpg 1 0 0 206 1052
p/IMG_20220216_122349_1.jpg 1 0 0 206 1058
p/IMG_20220216_122349_2.jpg 1 0 0 238 1099
p/IMG_20220216_122350.jpg 1 0 0 197 1078
p/IMG_20220216_122350_1.jpg 1 0 0 210 1028
p/IMG_20220216_122350_2.jpg 1 0 0 206 1014
p/IMG_20220216_122350_3.jpg 1 0 0 203 992
p/IMG_20220216_122351.jpg 1 0 0 191 972
p/IMG_20220216_122351_1.jpg 1 0 0 185 966
p/IMG_20220216_122352.jpg 1 0 0 202 892
p/IMG_20220216_122353.jpg 1 0 0 208 840
p/IMG_20220216_122354.jpg 1 0 0 197 844
p/IMG_20220216_122354_1.jpg 1 0 0 174 827
p/IMG_20220216_122354_2.jpg 1 0 0 158 835
p/IMG_20220216_122355.jpg 1 0 0 160 823
p/IMG_20220216_122355_1.jpg 1 0 0 140 824
p/IMG_20220216_122355_2.jpg 1 0 0 139 839
p/IMG_20220216_122355_3.jpg 1 0 0 132 830
p/IMG_20220216_122355_4.jpg 1 0 0 134 776
p/IMG_20220216_122356.jpg 1 0 0 131 776
p/IMG_20220216_122356_1.jpg 1 0 0 130 786
p/IMG_20220216_122359.jpg 1 0 0 121 677
p/IMG_20220216_122359_1.jpg 1 0 0 117 669
p/IMG_20220216_122401.jpg 1 0 0 123 696
p/IMG_20220216_122401_1.jpg 1 0 0 127 693
p/IMG_20220216_122401_2.jpg 1 0 0 122 670
p/IMG_20220216_122401_3.jpg 1 0 0 112 650
p/IMG_20220216_122401_4.jpg 1 0 0 106 637
p/IMG_20220216_122402.jpg 1 0 0 116 623
p/IMG_20220216_122402_1.jpg 1 0 0 122 633
p/IMG_20220216_122402_2.jpg 1 0 0 124 650
p/IMG_20220216_122403.jpg 1 0 0 116 635
p/IMG_20220216_122403_1.jpg 1 0 0 128 613
p/IMG_20220216_122403_2.jpg 1 0 0 121 605
p/IMG_20220216_122403_3.jpg 1 0 0 113 593
p/IMG_20220216_122403_4.jpg 1 0 0 124 602
p/IMG_20220216_122404.jpg 1 0 0 121 687
p/IMG_20220216_122404_1.jpg 1 0 0 125 721
p/IMG_20220216_122404_2.jpg 1 0 0 122 741
p/IMG_20220216_122404_3.jpg 1 0 0 120 695
p/IMG_20220216_122405.jpg 1 0 0 117 676
p/IMG_20220216_122405_1.jpg 1 0 0 115 655
p/IMG_20220216_122405_2.jpg 1 0 0 118 651
p/IMG_20220216_122406.jpg 1 0 0 117 659
p/IMG_20220216_122406_1.jpg 1 0 0 89 621
p/IMG_20220216_122406_2.jpg 1 0 0 91 595
p/IMG_20220216_122406_3.jpg 1 0 0 84 603
p/IMG_20220216_122406_4.jpg 1 0 0 84 604
p/IMG_20220216_122407.jpg 1 0 0 89 601
p/IMG_20220216_122407_1.jpg 1 0 0 93 598
p/IMG_20220216_122407_2.jpg 1 0 0 93 592
p/IMG_20220216_122407_3.jpg 1 0 0 95 602
p/IMG_20220216_122408.jpg 1 0 0 93 605
p/IMG_20220216_122408_1.jpg 1 0 0 97 580
p/IMG_20220216_122408_2.jpg 1 0 0 97 657
p/IMG_20220216_122408_3.jpg 1 0 0 104 683
p/IMG_20220216_122409.jpg 1 0 0 92 650
p/IMG_20220216_122409_1.jpg 1 0 0 103 662
p/IMG_20220216_122409_2.jpg 1 0 0 106 671
p/IMG_20220216_122409_3.jpg 1 0 0 99 676
p/IMG_20220216_122410.jpg 1 0 0 95 664
p/IMG_20220216_122410_1.jpg 1 0 0 103 674
p/IMG_20220216_122410_2.jpg 1 0 0 90 664
p/IMG_20220216_122410_3.jpg 1 0 0 113 658
p/IMG_20220216_122419.jpg 1 0 0 113 679
p/IMG_20220216_122421.jpg 1 0 0 128 682
p/IMG_20220216_122421_1.jpg 1 0 0 131 684
p/IMG_20220216_122422.jpg 1 0 0 123 693
p/IMG_20220216_122422_1.jpg 1 0 0 112 695
p/IMG_20220216_122422_2.jpg 1 0 0 117 681
p/IMG_20220216_122422_3.jpg 1 0 0 110 687
p/IMG_20220216_122423.jpg 1 0 0 109 675
p/IMG_20220216_122423_1.jpg 1 0 0 136 683
p/IMG_20220216_122423_2.jpg 1 0 0 124 677
p/IMG_20220216_122423_3.jpg 1 0 0 116 686
p/IMG_20220216_122423_4.jpg 1 0 0 112 669
p/IMG_20220216_122424.jpg 1 0 0 114 672
p/IMG_20220216_122424_1.jpg 1 0 0 102 669
p/IMG_20220216_122424_2.jpg 1 0 0 110 662
p/IMG_20220216_122424_3.jpg 1 0 0 105 674
p/IMG_20220216_122425.jpg 1 0 0 103 655
p/IMG_20220216_122425_1.jpg 1 0 0 106 667
p/IMG_20220216_122425_2.jpg 1 0 0 108 650
p/IMG_20220216_122425_3.jpg 1 0 0 111 659
p/IMG_20220216_122425_4.jpg 1 0 0 109 660
p/IMG_20220216_122426.jpg 1 0 0 106 658
p/IMG_20220216_122426_1.jpg 1 0 0 95 648
p/IMG_20220216_122426_2.jpg 1 0 0 131 685
p/IMG_20220216_122426_3.jpg 1 0 0 138 685
p/IMG_20220216_122426_4.jpg 1 0 0 156 708
p/IMG_20220216_122427.jpg 1 0 0 144 711
p/IMG_20220216_122427_1.jpg 1 0 0 150 726
p/IMG_20220216_122427_2.jpg 1 0 0 154 741
p/IMG_20220216_122428.jpg 1 0 0 146 713
p/IMG_20220216_122428_1.jpg 1 0 0 180 742
p/IMG_20220216_122428_2.jpg 1 0 0 135 686
p/IMG_20220216_122428_3.jpg 1 0 0 161 653
p/IMG_20220216_122429.jpg 1 0 0 150 712
p/IMG_20220216_122429_1.jpg 1 0 0 140 710
p/IMG_20220216_122429_2.jpg 1 0 0 136 699
p/IMG_20220216_122430.jpg 1 0 0 175 692
p/IMG_20220216_122430_1.jpg 1 0 0 156 744
p/IMG_20220216_122430_2.jpg 1 0 0 161 734
p/IMG_20220216_122430_3.jpg 1 0 0 159 715
p/IMG_20220216_122431.jpg 1 0 0 159 730
p/IMG_20220216_122431_1.jpg 1 0 0 182 730
p/IMG_20220216_122431_2.jpg 1 0 0 166 778
p/IMG_20220216_122432.jpg 1 0 0 137 738
p/IMG_20220216_122432_1.jpg 1 0 0 174 753
