p/IMG_20220120_105737.jpg 1 0 0 3840 3840
p/IMG_20220120_105743.jpg 1 0 0 3840 3840
p/IMG_20220120_105746.jpg 1 0 0 3840 3840
p/IMG_20220120_105751.jpg 1 0 0 3840 3840
p/IMG_20220120_105755_BURST001_COVER.jpg 1 0 0 3840 3840
p/IMG_20220120_105755_BURST002.jpg 1 0 0 3840 3840
p/IMG_20220120_105755_BURST003.jpg 1 0 0 3840 3840
p/IMG_20220120_105755_BURST004.jpg 1 0 0 3840 3840
p/IMG_20220120_105755_BURST005.jpg 1 0 0 3840 3840
p/IMG_20220120_105755_BURST006.jpg 1 0 0 3840 3840
p/IMG_20220120_105755_BURST007.jpg 1 0 0 3840 3840
p/IMG_20220120_105755_BURST008.jpg 1 0 0 3840 3840
p/IMG_20220120_105755_BURST009.jpg 1 0 0 3840 3840
p/IMG_20220120_105755_BURST010.jpg 1 0 0 3840 3840
p/IMG_20220120_105755_BURST011.jpg 1 0 0 3840 3840
p/IMG_20220120_105755_BURST012.jpg 1 0 0 3840 3840
p/IMG_20220120_105755_BURST013.jpg 1 0 0 3840 3840
p/IMG_20220120_110036_BURST001_COVER.jpg 1 0 0 3840 3840
p/IMG_20220120_110036_BURST002.jpg 1 0 0 3840 3840
p/IMG_20220120_110036_BURST003.jpg 1 0 0 3840 3840
p/IMG_20220120_110036_BURST004.jpg 1 0 0 3840 3840
p/IMG_20220120_110036_BURST005.jpg 1 0 0 3840 3840
p/IMG_20220120_110036_BURST006.jpg 1 0 0 3840 3840
p/IMG_20220120_110036_BURST007.jpg 1 0 0 3840 3840
p/IMG_20220120_110036_BURST008.jpg 1 0 0 3840 3840
p/IMG_20220120_110036_BURST009.jpg 1 0 0 3840 3840
p/IMG_20220120_110036_BURST010.jpg 1 0 0 3840 3840
p/IMG_20220120_110036_BURST011.jpg 1 0 0 3840 3840
p/IMG_20220120_110036_BURST012.jpg 1 0 0 3840 3840
p/IMG_20220120_110036_BURST013.jpg 1 0 0 3840 3840
p/IMG_20220120_110036_BURST014.jpg 1 0 0 3840 3840
p/IMG_20220120_110036_BURST015.jpg 1 0 0 3840 3840
p/IMG_20220120_110036_BURST016.jpg 1 0 0 3840 3840
p/IMG_20220120_110036_BURST017.jpg 1 0 0 3840 3840
p/IMG_20220120_110036_BURST018.jpg 1 0 0 3840 3840
p/IMG_20220120_110036_BURST019.jpg 1 0 0 3840 3840
p/IMG_20220120_110036_BURST020.jpg 1 0 0 3840 3840
p/IMG_20220120_110036_BURST021.jpg 1 0 0 3840 3840
p/IMG_20220120_110036_BURST022.jpg 1 0 0 3840 3840
p/IMG_20220120_110036_BURST023.jpg 1 0 0 3840 3840
p/IMG_20220120_110036_BURST024.jpg 1 0 0 3840 3840
p/IMG_20220120_110036_BURST025.jpg 1 0 0 3840 3840
p/IMG_20220120_110036_BURST026.jpg 1 0 0 3840 3840
p/IMG_20220120_110036_BURST027.jpg 1 0 0 3840 3840
p/IMG_20220120_110036_BURST028.jpg 1 0 0 3840 3840
p/IMG_20220120_110036_BURST029.jpg 1 0 0 3840 3840
p/IMG_20220120_110036_BURST030.jpg 1 0 0 3840 3840
p/IMG_20220120_110036_BURST031.jpg 1 0 0 3840 3840
p/IMG_20220120_110036_BURST032.jpg 1 0 0 3840 3840
p/IMG_20220120_110036_BURST033.jpg 1 0 0 3840 3840
p/IMG_20220120_110036_BURST034.jpg 1 0 0 3840 3840
p/IMG_20220120_110036_BURST035.jpg 1 0 0 3840 3840
p/IMG_20220120_110036_BURST036.jpg 1 0 0 3840 3840
p/IMG_20220120_110036_BURST037.jpg 1 0 0 3840 3840
p/IMG_20220120_110036_BURST038.jpg 1 0 0 3840 3840
p/IMG_20220120_110036_BURST039.jpg 1 0 0 3840 3840
p/IMG_20220120_110036_BURST040.jpg 1 0 0 3840 3840
p/IMG_20220120_110036_BURST041.jpg 1 0 0 3840 3840
p/IMG_20220120_110036_BURST042.jpg 1 0 0 3840 3840
p/IMG_20220120_110036_BURST043.jpg 1 0 0 3840 3840
p/IMG_20220120_110036_BURST044.jpg 1 0 0 3840 3840
p/IMG_20220120_110036_BURST045.jpg 1 0 0 3840 3840
p/IMG_20220120_110036_BURST046.jpg 1 0 0 3840 3840
p/IMG_20220120_110036_BURST047.jpg 1 0 0 3840 3840
p/IMG_20220120_110036_BURST048.jpg 1 0 0 3840 3840
p/IMG_20220120_110036_BURST049.jpg 1 0 0 3840 3840
p/IMG_20220120_110036_BURST050.jpg 1 0 0 3840 3840
p/IMG_20220120_110036_BURST051.jpg 1 0 0 3840 3840
p/IMG_20220120_110036_BURST052.jpg 1 0 0 3840 3840
p/IMG_20220120_110036_BURST053.jpg 1 0 0 3840 3840
p/IMG_20220120_110036_BURST054.jpg 1 0 0 3840 3840
p/IMG_20220120_110036_BURST055.jpg 1 0 0 3840 3840
p/IMG_20220120_110036_BURST056.jpg 1 0 0 3840 3840
p/IMG_20220120_110036_BURST057.jpg 1 0 0 3840 3840
p/IMG_20220120_110036_BURST058.jpg 1 0 0 3840 3840
p/IMG_20220120_110036_BURST059.jpg 1 0 0 3840 3840
p/IMG_20220120_110036_BURST060.jpg 1 0 0 3840 3840
p/IMG_20220120_110036_BURST061.jpg 1 0 0 3840 3840
p/IMG_20220120_110036_BURST062.jpg 1 0 0 3840 3840
p/IMG_20220120_110036_BURST063.jpg 1 0 0 3840 3840
p/IMG_20220120_110036_BURST064.jpg 1 0 0 3840 3840
p/IMG_20220120_110036_BURST065.jpg 1 0 0 3840 3840
p/IMG_20220120_110036_BURST066.jpg 1 0 0 3840 3840
p/IMG_20220120_110036_BURST067.jpg 1 0 0 3840 3840
p/IMG_20220120_110036_BURST068.jpg 1 0 0 3840 3840
p/IMG_20220120_110036_BURST069.jpg 1 0 0 3840 3840
p/IMG_20220120_110036_BURST070.jpg 1 0 0 3840 3840
p/IMG_20220120_110036_BURST071.jpg 1 0 0 3840 3840
p/IMG_20220120_110036_BURST072.jpg 1 0 0 3840 3840
p/IMG_20220120_110036_BURST073.jpg 1 0 0 3840 3840
p/IMG_20220120_110036_BURST074.jpg 1 0 0 3840 3840
p/IMG_20220120_110036_BURST075.jpg 1 0 0 3840 3840
p/IMG_20220120_110036_BURST076.jpg 1 0 0 3840 3840
p/IMG_20220120_110036_BURST077.jpg 1 0 0 3840 3840
p/IMG_20220120_110036_BURST078.jpg 1 0 0 3840 3840
p/IMG_20220120_110229_BURST001_COVER.jpg 1 0 0 3840 3840
p/IMG_20220120_110229_BURST002.jpg 1 0 0 3840 3840
p/IMG_20220120_110229_BURST004.jpg 1 0 0 3840 3840
p/IMG_20220120_110229_BURST005.jpg 1 0 0 3840 3840
p/IMG_20220120_110229_BURST006.jpg 1 0 0 3840 3840
p/IMG_20220120_110229_BURST007.jpg 1 0 0 3840 3840
p/IMG_20220120_110229_BURST008.jpg 1 0 0 3840 3840
p/IMG_20220120_110229_BURST009.jpg 1 0 0 3840 3840
p/IMG_20220120_110229_BURST010.jpg 1 0 0 3840 3840
p/IMG_20220120_110229_BURST011.jpg 1 0 0 3840 3840
p/IMG_20220120_110229_BURST012.jpg 1 0 0 3840 3840
p/IMG_20220120_110229_BURST013.jpg 1 0 0 3840 3840
p/IMG_20220120_110229_BURST014.jpg 1 0 0 3840 3840
p/IMG_20220120_110229_BURST015.jpg 1 0 0 3840 3840
p/IMG_20220120_110229_BURST016.jpg 1 0 0 3840 3840
p/IMG_20220120_110229_BURST017.jpg 1 0 0 3840 3840
p/IMG_20220120_110229_BURST019.jpg 1 0 0 3840 3840
p/IMG_20220120_110229_BURST020.jpg 1 0 0 3840 3840
p/IMG_20220120_110229_BURST021.jpg 1 0 0 3840 3840
p/IMG_20220120_110229_BURST022.jpg 1 0 0 3840 3840
p/IMG_20220120_110229_BURST023.jpg 1 0 0 3840 3840
p/IMG_20220120_110229_BURST024.jpg 1 0 0 3840 3840
p/IMG_20220120_110229_BURST025.jpg 1 0 0 3840 3840
p/IMG_20220120_110229_BURST026.jpg 1 0 0 3840 3840
p/IMG_20220120_110229_BURST027.jpg 1 0 0 3840 3840
p/IMG_20220120_110229_BURST028.jpg 1 0 0 3840 3840
p/IMG_20220120_110229_BURST029.jpg 1 0 0 3840 3840
p/IMG_20220120_110229_BURST030.jpg 1 0 0 3840 3840
p/IMG_20220120_110229_BURST031.jpg 1 0 0 3840 3840
p/IMG_20220120_110229_BURST032.jpg 1 0 0 3840 3840
p/IMG_20220120_110229_BURST033.jpg 1 0 0 3840 3840
p/IMG_20220120_110229_BURST034.jpg 1 0 0 3840 3840
p/IMG_20220120_110229_BURST035.jpg 1 0 0 3840 3840
p/IMG_20220120_110229_BURST036.jpg 1 0 0 3840 3840
p/IMG_20220120_110229_BURST037.jpg 1 0 0 3840 3840
p/IMG_20220120_110229_BURST038.jpg 1 0 0 3840 3840
p/IMG_20220120_110229_BURST039.jpg 1 0 0 3840 3840
p/IMG_20220120_110245_BURST001_COVER.jpg 1 0 0 3840 3840
p/IMG_20220120_110245_BURST002.jpg 1 0 0 3840 3840
p/IMG_20220120_110245_BURST003.jpg 1 0 0 3840 3840
p/IMG_20220120_110245_BURST004.jpg 1 0 0 3840 3840
p/IMG_20220120_110245_BURST005.jpg 1 0 0 3840 3840
p/IMG_20220120_110245_BURST006.jpg 1 0 0 3840 3840
p/IMG_20220120_110245_BURST007.jpg 1 0 0 3840 3840
p/IMG_20220120_110245_BURST008.jpg 1 0 0 3840 3840
p/IMG_20220120_110245_BURST009.jpg 1 0 0 3840 3840
p/IMG_20220120_110245_BURST010.jpg 1 0 0 3840 3840
p/IMG_20220120_110245_BURST011.jpg 1 0 0 3840 3840
p/IMG_20220120_110245_BURST012.jpg 1 0 0 3840 3840
p/IMG_20220120_110245_BURST013.jpg 1 0 0 3840 3840
p/IMG_20220120_110245_BURST014.jpg 1 0 0 3840 3840
p/IMG_20220120_110245_BURST015.jpg 1 0 0 3840 3840
p/IMG_20220120_110245_BURST016.jpg 1 0 0 3840 3840
p/IMG_20220120_110245_BURST017.jpg 1 0 0 3840 3840
p/IMG_20220120_110245_BURST018.jpg 1 0 0 3840 3840
p/IMG_20220120_110245_BURST019.jpg 1 0 0 3840 3840
p/IMG_20220120_110245_BURST020.jpg 1 0 0 3840 3840
p/IMG_20220120_110245_BURST021.jpg 1 0 0 3840 3840
p/IMG_20220120_110245_BURST022.jpg 1 0 0 3840 3840
p/IMG_20220120_110245_BURST023.jpg 1 0 0 3840 3840
p/IMG_20220120_110245_BURST024.jpg 1 0 0 3840 3840
p/IMG_20220120_110245_BURST025.jpg 1 0 0 3840 3840
p/IMG_20220120_110245_BURST026.jpg 1 0 0 3840 3840
p/IMG_20220120_110245_BURST027.jpg 1 0 0 3840 3840
p/IMG_20220120_110245_BURST028.jpg 1 0 0 3840 3840
p/IMG_20220120_110245_BURST029.jpg 1 0 0 3840 3840
p/IMG_20220120_110245_BURST030.jpg 1 0 0 3840 3840
p/IMG_20220120_110245_BURST031.jpg 1 0 0 3840 3840
p/IMG_20220120_110245_BURST032.jpg 1 0 0 3840 3840
p/IMG_20220120_110245_BURST033.jpg 1 0 0 3840 3840
p/IMG_20220120_110245_BURST034.jpg 1 0 0 3840 3840
p/IMG_20220120_110245_BURST035.jpg 1 0 0 3840 3840
p/IMG_20220120_110245_BURST036.jpg 1 0 0 3840 3840
p/IMG_20220120_110245_BURST037.jpg 1 0 0 3840 3840
p/IMG_20220120_110245_BURST038.jpg 1 0 0 3840 3840
p/IMG_20220120_110245_BURST039.jpg 1 0 0 3840 3840
p/IMG_20220120_110245_BURST040.jpg 1 0 0 3840 3840
p/IMG_20220120_110245_BURST041.jpg 1 0 0 3840 3840
p/IMG_20220120_110245_BURST042.jpg 1 0 0 3840 3840
p/IMG_20220120_110245_BURST043.jpg 1 0 0 3840 3840
p/IMG_20220120_110245_BURST044.jpg 1 0 0 3840 3840
p/IMG_20220120_110245_BURST045.jpg 1 0 0 3840 3840
p/IMG_20220120_110245_BURST046.jpg 1 0 0 3840 3840
p/IMG_20220120_110245_BURST047.jpg 1 0 0 3840 3840
p/IMG_20220120_110245_BURST048.jpg 1 0 0 3840 3840
p/IMG_20220120_110245_BURST049.jpg 1 0 0 3840 3840
p/IMG_20220120_110851_BURST001_COVER.jpg 1 0 0 3840 3840
p/IMG_20220120_110851_BURST002.jpg 1 0 0 3840 3840
p/IMG_20220120_110851_BURST003.jpg 1 0 0 3840 3840
p/IMG_20220120_110851_BURST004.jpg 1 0 0 3840 3840
p/IMG_20220120_110851_BURST005.jpg 1 0 0 3840 3840
p/IMG_20220120_110851_BURST006.jpg 1 0 0 3840 3840
p/IMG_20220120_110851_BURST007.jpg 1 0 0 3840 3840
p/IMG_20220120_110851_BURST008.jpg 1 0 0 3840 3840
p/IMG_20220120_110851_BURST009.jpg 1 0 0 3840 3840
p/IMG_20220120_110851_BURST010.jpg 1 0 0 3840 3840
p/IMG_20220120_110851_BURST011.jpg 1 0 0 3840 3840
p/IMG_20220120_110851_BURST012.jpg 1 0 0 3840 3840
p/IMG_20220120_110851_BURST013.jpg 1 0 0 3840 3840
p/IMG_20220120_110851_BURST014.jpg 1 0 0 3840 3840
p/IMG_20220120_110851_BURST015.jpg 1 0 0 3840 3840
p/IMG_20220120_110851_BURST016.jpg 1 0 0 3840 3840
p/IMG_20220120_110851_BURST017.jpg 1 0 0 3840 3840
p/IMG_20220120_110851_BURST018.jpg 1 0 0 3840 3840
p/IMG_20220120_110851_BURST019.jpg 1 0 0 3840 3840
p/IMG_20220120_110851_BURST020.jpg 1 0 0 3840 3840
p/IMG_20220120_110851_BURST021.jpg 1 0 0 3840 3840
p/IMG_20220120_110851_BURST022.jpg 1 0 0 3840 3840
p/IMG_20220120_110851_BURST023.jpg 1 0 0 3840 3840
p/IMG_20220120_110851_BURST024.jpg 1 0 0 3840 3840
p/IMG_20220120_110851_BURST025.jpg 1 0 0 3840 3840
p/IMG_20220120_110851_BURST026.jpg 1 0 0 3840 3840
p/IMG_20220120_110851_BURST027.jpg 1 0 0 3840 3840
p/IMG_20220120_110851_BURST028.jpg 1 0 0 3840 3840
p/IMG_20220120_110851_BURST029.jpg 1 0 0 3840 3840
p/IMG_20220120_110851_BURST030.jpg 1 0 0 3840 3840
p/IMG_20220120_110851_BURST031.jpg 1 0 0 3840 3840
p/IMG_20220120_110851_BURST032.jpg 1 0 0 3840 3840
p/IMG_20220120_110851_BURST033.jpg 1 0 0 3840 3840
p/IMG_20220120_110851_BURST034.jpg 1 0 0 3840 3840
p/IMG_20220120_110851_BURST035.jpg 1 0 0 3840 3840
p/IMG_20220120_110851_BURST036.jpg 1 0 0 3840 3840
p/IMG_20220120_110851_BURST037.jpg 1 0 0 3840 3840
p/IMG_20220120_110851_BURST038.jpg 1 0 0 3840 3840
p/IMG_20220120_110851_BURST039.jpg 1 0 0 3840 3840
p/IMG_20220120_110851_BURST040.jpg 1 0 0 3840 3840
p/IMG_20220120_110851_BURST041.jpg 1 0 0 3840 3840
p/IMG_20220120_110851_BURST042.jpg 1 0 0 3840 3840
p/IMG_20220120_110851_BURST043.jpg 1 0 0 3840 3840
p/IMG_20220120_110851_BURST044.jpg 1 0 0 3840 3840
p/IMG_20220120_110851_BURST045.jpg 1 0 0 3840 3840
p/IMG_20220120_110851_BURST046.jpg 1 0 0 3840 3840
p/IMG_20220120_110851_BURST047.jpg 1 0 0 3840 3840
p/IMG_20220120_110851_BURST048.jpg 1 0 0 3840 3840
p/IMG_20220120_110851_BURST049.jpg 1 0 0 3840 3840
p/IMG_20220120_110851_BURST050.jpg 1 0 0 3840 3840
p/IMG_20220120_110851_BURST051.jpg 1 0 0 3840 3840
p/IMG_20220120_110851_BURST052.jpg 1 0 0 3840 3840
p/IMG_20220120_110851_BURST053.jpg 1 0 0 3840 3840
p/IMG_20220120_110851_BURST054.jpg 1 0 0 3840 3840
p/IMG_20220120_110851_BURST055.jpg 1 0 0 3840 3840
p/IMG_20220120_110851_BURST056.jpg 1 0 0 3840 3840
p/IMG_20220120_110851_BURST057.jpg 1 0 0 3840 3840
p/IMG_20220120_110851_BURST058.jpg 1 0 0 3840 3840
p/IMG_20220120_110851_BURST059.jpg 1 0 0 3840 3840
p/IMG_20220120_110851_BURST060.jpg 1 0 0 3840 3840
p/IMG_20220120_110851_BURST061.jpg 1 0 0 3840 3840
p/IMG_20220120_110851_BURST062.jpg 1 0 0 3840 3840
p/IMG_20220120_110851_BURST063.jpg 1 0 0 3840 3840
p/IMG_20220120_110851_BURST064.jpg 1 0 0 3840 3840
p/IMG_20220120_110851_BURST065.jpg 1 0 0 3840 3840
p/IMG_20220120_110851_BURST066.jpg 1 0 0 3840 3840
p/IMG_20220120_110851_BURST067.jpg 1 0 0 3840 3840
p/IMG_20220120_110851_BURST068.jpg 1 0 0 3840 3840
p/IMG_20220120_110902_BURST001_COVER.jpg 1 0 0 3840 3840
p/IMG_20220120_110902_BURST002.jpg 1 0 0 3840 3840
p/IMG_20220120_110902_BURST003.jpg 1 0 0 3840 3840
p/IMG_20220120_110902_BURST004.jpg 1 0 0 3840 3840
p/IMG_20220120_110902_BURST005.jpg 1 0 0 3840 3840
p/IMG_20220120_110902_BURST006.jpg 1 0 0 3840 3840
p/IMG_20220120_110902_BURST007.jpg 1 0 0 3840 3840
p/IMG_20220120_110902_BURST008.jpg 1 0 0 3840 3840
p/IMG_20220120_110902_BURST009.jpg 1 0 0 3840 3840
p/IMG_20220120_110902_BURST010.jpg 1 0 0 3840 3840
p/IMG_20220120_110902_BURST011.jpg 1 0 0 3840 3840
p/IMG_20220120_110902_BURST012.jpg 1 0 0 3840 3840
p/IMG_20220120_110902_BURST013.jpg 1 0 0 3840 3840
p/IMG_20220120_110902_BURST014.jpg 1 0 0 3840 3840
p/IMG_20220120_110902_BURST015.jpg 1 0 0 3840 3840
p/IMG_20220120_110902_BURST016.jpg 1 0 0 3840 3840
p/IMG_20220120_110902_BURST017.jpg 1 0 0 3840 3840
p/IMG_20220120_110902_BURST018.jpg 1 0 0 3840 3840
p/IMG_20220120_110902_BURST019.jpg 1 0 0 3840 3840
p/IMG_20220120_110902_BURST020.jpg 1 0 0 3840 3840
p/IMG_20220120_110902_BURST021.jpg 1 0 0 3840 3840
p/IMG_20220120_110902_BURST022.jpg 1 0 0 3840 3840
p/IMG_20220120_110902_BURST023.jpg 1 0 0 3840 3840
p/IMG_20220120_110902_BURST024.jpg 1 0 0 3840 3840
p/IMG_20220120_110902_BURST025.jpg 1 0 0 3840 3840
p/IMG_20220120_110902_BURST026.jpg 1 0 0 3840 3840
p/IMG_20220120_110902_BURST027.jpg 1 0 0 3840 3840
p/IMG_20220120_110902_BURST028.jpg 1 0 0 3840 3840
p/IMG_20220120_110902_BURST029.jpg 1 0 0 3840 3840
p/IMG_20220120_110902_BURST030.jpg 1 0 0 3840 3840
p/IMG_20220120_110902_BURST031.jpg 1 0 0 3840 3840
p/IMG_20220120_110902_BURST032.jpg 1 0 0 3840 3840
p/IMG_20220120_110902_BURST033.jpg 1 0 0 3840 3840
p/IMG_20220120_110902_BURST034.jpg 1 0 0 3840 3840
p/IMG_20220120_110902_BURST035.jpg 1 0 0 3840 3840
p/IMG_20220120_110902_BURST036.jpg 1 0 0 3840 3840
p/IMG_20220120_110902_BURST037.jpg 1 0 0 3840 3840
p/IMG_20220120_110902_BURST038.jpg 1 0 0 3840 3840
p/IMG_20220120_110902_BURST039.jpg 1 0 0 3840 3840
p/IMG_20220120_110902_BURST040.jpg 1 0 0 3840 3840
p/IMG_20220120_110902_BURST041.jpg 1 0 0 3840 3840
p/IMG_20220120_110902_BURST042.jpg 1 0 0 3840 3840
p/IMG_20220120_110902_BURST043.jpg 1 0 0 3840 3840
p/IMG_20220120_110902_BURST044.jpg 1 0 0 3840 3840
p/IMG_20220120_110902_BURST045.jpg 1 0 0 3840 3840
p/IMG_20220120_110902_BURST046.jpg 1 0 0 3840 3840
p/IMG_20220120_110902_BURST047.jpg 1 0 0 3840 3840
p/IMG_20220120_110902_BURST048.jpg 1 0 0 3840 3840
p/IMG_20220120_110917_BURST001_COVER.jpg 1 0 0 3840 3840
p/IMG_20220120_110917_BURST002.jpg 1 0 0 3840 3840
p/IMG_20220120_110917_BURST003.jpg 1 0 0 3840 3840
p/IMG_20220120_110917_BURST004.jpg 1 0 0 3840 3840
p/IMG_20220120_110917_BURST006.jpg 1 0 0 3840 3840
p/IMG_20220120_110917_BURST007.jpg 1 0 0 3840 3840
p/IMG_20220120_110917_BURST008.jpg 1 0 0 3840 3840
p/IMG_20220120_110917_BURST009.jpg 1 0 0 3840 3840
p/IMG_20220120_110917_BURST010.jpg 1 0 0 3840 3840
p/IMG_20220120_110917_BURST011.jpg 1 0 0 3840 3840
p/IMG_20220120_110917_BURST012.jpg 1 0 0 3840 3840
p/IMG_20220120_110917_BURST013.jpg 1 0 0 3840 3840
p/IMG_20220120_110917_BURST014.jpg 1 0 0 3840 3840
p/IMG_20220120_110917_BURST015.jpg 1 0 0 3840 3840
p/IMG_20220120_110917_BURST016.jpg 1 0 0 3840 3840
p/IMG_20220120_110917_BURST017.jpg 1 0 0 3840 3840
p/IMG_20220120_110917_BURST018.jpg 1 0 0 3840 3840
p/IMG_20220120_110917_BURST019.jpg 1 0 0 3840 3840
p/IMG_20220120_110917_BURST020.jpg 1 0 0 3840 3840
p/IMG_20220120_110917_BURST021.jpg 1 0 0 3840 3840
p/IMG_20220120_110917_BURST022.jpg 1 0 0 3840 3840
p/IMG_20220120_110917_BURST023.jpg 1 0 0 3840 3840
p/IMG_20220120_110917_BURST024.jpg 1 0 0 3840 3840
p/IMG_20220120_110917_BURST025.jpg 1 0 0 3840 3840
p/IMG_20220120_110917_BURST026.jpg 1 0 0 3840 3840
p/IMG_20220120_110917_BURST027.jpg 1 0 0 3840 3840
p/IMG_20220120_110917_BURST028.jpg 1 0 0 3840 3840
p/IMG_20220120_110917_BURST029.jpg 1 0 0 3840 3840
p/IMG_20220120_110917_BURST030.jpg 1 0 0 3840 3840
p/IMG_20220120_110917_BURST031.jpg 1 0 0 3840 3840
p/IMG_20220120_110917_BURST032.jpg 1 0 0 3840 3840
p/IMG_20220120_110917_BURST034.jpg 1 0 0 3840 3840
p/IMG_20220120_110917_BURST035.jpg 1 0 0 3840 3840
p/IMG_20220120_110917_BURST036.jpg 1 0 0 3840 3840
p/IMG_20220120_110917_BURST037.jpg 1 0 0 3840 3840
p/IMG_20220120_110917_BURST038.jpg 1 0 0 3840 3840
p/IMG_20220120_110917_BURST039.jpg 1 0 0 3840 3840
p/IMG_20220120_110917_BURST040.jpg 1 0 0 3840 3840
p/IMG_20220120_110917_BURST041.jpg 1 0 0 3840 3840
p/IMG_20220120_110917_BURST042.jpg 1 0 0 3840 3840
p/IMG_20220120_110917_BURST043.jpg 1 0 0 3840 3840
p/IMG_20220120_110917_BURST044.jpg 1 0 0 3840 3840
p/IMG_20220120_110917_BURST045.jpg 1 0 0 3840 3840
p/IMG_20220120_110917_BURST046.jpg 1 0 0 3840 3840
p/IMG_20220120_110936_BURST001_COVER.jpg 1 0 0 3840 3840
p/IMG_20220120_110936_BURST002.jpg 1 0 0 3840 3840
p/IMG_20220120_110936_BURST003.jpg 1 0 0 3840 3840
p/IMG_20220120_110936_BURST004.jpg 1 0 0 3840 3840
p/IMG_20220120_110936_BURST005.jpg 1 0 0 3840 3840
p/IMG_20220120_110936_BURST006.jpg 1 0 0 3840 3840
p/IMG_20220120_110936_BURST007.jpg 1 0 0 3840 3840
p/IMG_20220120_110936_BURST008.jpg 1 0 0 3840 3840
p/IMG_20220120_110936_BURST009.jpg 1 0 0 3840 3840
p/IMG_20220120_110936_BURST010.jpg 1 0 0 3840 3840
p/IMG_20220120_110936_BURST011.jpg 1 0 0 3840 3840
p/IMG_20220120_110936_BURST012.jpg 1 0 0 3840 3840
p/IMG_20220120_110936_BURST014.jpg 1 0 0 3840 3840
p/IMG_20220120_110936_BURST015.jpg 1 0 0 3840 3840
p/IMG_20220120_110936_BURST016.jpg 1 0 0 3840 3840
p/IMG_20220120_110936_BURST017.jpg 1 0 0 3840 3840
p/IMG_20220120_110936_BURST018.jpg 1 0 0 3840 3840
p/IMG_20220120_110936_BURST019.jpg 1 0 0 3840 3840
p/IMG_20220120_110936_BURST020.jpg 1 0 0 3840 3840
p/IMG_20220120_110936_BURST021.jpg 1 0 0 3840 3840
p/IMG_20220120_110936_BURST022.jpg 1 0 0 3840 3840
p/IMG_20220120_110936_BURST023.jpg 1 0 0 3840 3840
p/IMG_20220120_110936_BURST024.jpg 1 0 0 3840 3840
p/IMG_20220120_110936_BURST025.jpg 1 0 0 3840 3840
p/IMG_20220120_110936_BURST026.jpg 1 0 0 3840 3840
p/IMG_20220120_110936_BURST027.jpg 1 0 0 3840 3840
p/IMG_20220120_110936_BURST028.jpg 1 0 0 3840 3840
p/IMG_20220120_110936_BURST029.jpg 1 0 0 3840 3840
p/IMG_20220120_110936_BURST030.jpg 1 0 0 3840 3840
p/IMG_20220120_110936_BURST031.jpg 1 0 0 3840 3840
p/IMG_20220120_110936_BURST032.jpg 1 0 0 3840 3840
p/IMG_20220120_110936_BURST033.jpg 1 0 0 3840 3840
p/IMG_20220120_110936_BURST034.jpg 1 0 0 3840 3840
p/IMG_20220120_110936_BURST035.jpg 1 0 0 3840 3840
p/IMG_20220120_110936_BURST036.jpg 1 0 0 3840 3840
p/IMG_20220120_110936_BURST037.jpg 1 0 0 3840 3840
p/IMG_20220120_110936_BURST038.jpg 1 0 0 3840 3840
p/IMG_20220120_110936_BURST039.jpg 1 0 0 3840 3840
p/IMG_20220120_110936_BURST040.jpg 1 0 0 3840 3840
p/IMG_20220120_110936_BURST041.jpg 1 0 0 3840 3840
p/IMG_20220120_110936_BURST042.jpg 1 0 0 3840 3840
p/IMG_20220120_110936_BURST043.jpg 1 0 0 3840 3840
p/IMG_20220120_110936_BURST044.jpg 1 0 0 3840 3840
p/IMG_20220120_110936_BURST045.jpg 1 0 0 3840 3840
p/IMG_20220120_110936_BURST046.jpg 1 0 0 3840 3840
p/IMG_20220120_110936_BURST047.jpg 1 0 0 3840 3840
p/IMG_20220120_110936_BURST048.jpg 1 0 0 3840 3840
p/IMG_20220120_110936_BURST049.jpg 1 0 0 3840 3840
p/IMG_20220120_110936_BURST050.jpg 1 0 0 3840 3840
p/IMG_20220120_110936_BURST051.jpg 1 0 0 3840 3840
p/IMG_20220120_110936_BURST052.jpg 1 0 0 3840 3840
p/IMG_20220120_110936_BURST053.jpg 1 0 0 3840 3840
p/IMG_20220120_110936_BURST054.jpg 1 0 0 3840 3840
p/IMG_20220120_110936_BURST055.jpg 1 0 0 3840 3840
p/IMG_20220120_110943_BURST001_COVER.jpg 1 0 0 3840 3840
p/IMG_20220120_110943_BURST002.jpg 1 0 0 3840 3840
p/IMG_20220120_110943_BURST003.jpg 1 0 0 3840 3840
p/IMG_20220120_110943_BURST004.jpg 1 0 0 3840 3840
p/IMG_20220120_110943_BURST005.jpg 1 0 0 3840 3840
p/IMG_20220120_110943_BURST006.jpg 1 0 0 3840 3840
p/IMG_20220120_110943_BURST007.jpg 1 0 0 3840 3840
p/IMG_20220120_110943_BURST008.jpg 1 0 0 3840 3840
p/IMG_20220120_110943_BURST009.jpg 1 0 0 3840 3840
p/IMG_20220120_110943_BURST010.jpg 1 0 0 3840 3840
p/IMG_20220120_110943_BURST011.jpg 1 0 0 3840 3840
p/IMG_20220120_110943_BURST012.jpg 1 0 0 3840 3840
p/IMG_20220120_110943_BURST013.jpg 1 0 0 3840 3840
p/IMG_20220120_110943_BURST014.jpg 1 0 0 3840 3840
p/IMG_20220120_110943_BURST015.jpg 1 0 0 3840 3840
p/IMG_20220120_110943_BURST016.jpg 1 0 0 3840 3840
p/IMG_20220120_110943_BURST017.jpg 1 0 0 3840 3840
p/IMG_20220120_110943_BURST018.jpg 1 0 0 3840 3840
p/IMG_20220120_110943_BURST019.jpg 1 0 0 3840 3840
p/IMG_20220120_110943_BURST020.jpg 1 0 0 3840 3840
p/IMG_20220120_110943_BURST021.jpg 1 0 0 3840 3840
p/IMG_20220120_110943_BURST022.jpg 1 0 0 3840 3840
p/IMG_20220120_110943_BURST023.jpg 1 0 0 3840 3840
p/IMG_20220120_110943_BURST024.jpg 1 0 0 3840 3840
p/IMG_20220120_110943_BURST025.jpg 1 0 0 3840 3840
p/IMG_20220120_110943_BURST026.jpg 1 0 0 3840 3840
p/IMG_20220120_110943_BURST027.jpg 1 0 0 3840 3840
p/IMG_20220120_110943_BURST028.jpg 1 0 0 3840 3840
p/IMG_20220120_110943_BURST029.jpg 1 0 0 3840 3840
p/IMG_20220120_110943_BURST030.jpg 1 0 0 3840 3840
p/IMG_20220120_110943_BURST031.jpg 1 0 0 3840 3840
p/IMG_20220120_110943_BURST032.jpg 1 0 0 3840 3840
p/IMG_20220120_110943_BURST033.jpg 1 0 0 3840 3840
p/IMG_20220120_110943_BURST034.jpg 1 0 0 3840 3840
p/IMG_20220120_110943_BURST035.jpg 1 0 0 3840 3840
p/IMG_20220120_110943_BURST036.jpg 1 0 0 3840 3840
p/IMG_20220120_110943_BURST037.jpg 1 0 0 3840 3840
p/IMG_20220120_110943_BURST038.jpg 1 0 0 3840 3840
p/IMG_20220120_110943_BURST039.jpg 1 0 0 3840 3840
p/IMG_20220120_110943_BURST040.jpg 1 0 0 3840 3840
p/IMG_20220120_110943_BURST041.jpg 1 0 0 3840 3840
p/IMG_20220120_110943_BURST042.jpg 1 0 0 3840 3840
p/IMG_20220120_110943_BURST043.jpg 1 0 0 3840 3840
p/IMG_20220120_110943_BURST044.jpg 1 0 0 3840 3840
p/IMG_20220120_110943_BURST045.jpg 1 0 0 3840 3840
p/IMG_20220120_110943_BURST046.jpg 1 0 0 3840 3840
p/IMG_20220120_110943_BURST047.jpg 1 0 0 3840 3840
p/IMG_20220120_110943_BURST048.jpg 1 0 0 3840 3840
p/IMG_20220120_110943_BURST049.jpg 1 0 0 3840 3840
p/IMG_20220120_110943_BURST050.jpg 1 0 0 3840 3840
p/IMG_20220120_110943_BURST051.jpg 1 0 0 3840 3840
p/IMG_20220120_110943_BURST052.jpg 1 0 0 3840 3840
p/IMG_20220120_110943_BURST053.jpg 1 0 0 3840 3840
p/IMG_20220120_110943_BURST054.jpg 1 0 0 3840 3840
p/IMG_20220120_110943_BURST055.jpg 1 0 0 3840 3840
p/IMG_20220120_110943_BURST056.jpg 1 0 0 3840 3840
p/IMG_20220120_110943_BURST057.jpg 1 0 0 3840 3840
p/IMG_20220120_110943_BURST058.jpg 1 0 0 3840 3840
p/IMG_20220120_110943_BURST059.jpg 1 0 0 3840 3840
p/IMG_20220120_110943_BURST060.jpg 1 0 0 3840 3840
p/IMG_20220120_110943_BURST061.jpg 1 0 0 3840 3840
p/IMG_20220120_110943_BURST062.jpg 1 0 0 3840 3840
p/IMG_20220120_111652_BURST001_COVER.jpg 1 0 0 3840 3840
p/IMG_20220120_111652_BURST002.jpg 1 0 0 3840 3840
p/IMG_20220120_111652_BURST003.jpg 1 0 0 3840 3840
p/IMG_20220120_111652_BURST004.jpg 1 0 0 3840 3840
p/IMG_20220120_111652_BURST005.jpg 1 0 0 3840 3840
p/IMG_20220120_111652_BURST006.jpg 1 0 0 3840 3840
p/IMG_20220120_111652_BURST007.jpg 1 0 0 3840 3840
p/IMG_20220120_111652_BURST008.jpg 1 0 0 3840 3840
p/IMG_20220120_111652_BURST009.jpg 1 0 0 3840 3840
p/IMG_20220120_111652_BURST010.jpg 1 0 0 3840 3840
p/IMG_20220120_111652_BURST011.jpg 1 0 0 3840 3840
p/IMG_20220120_111652_BURST012.jpg 1 0 0 3840 3840
p/IMG_20220120_111652_BURST013.jpg 1 0 0 3840 3840
p/IMG_20220120_111652_BURST014.jpg 1 0 0 3840 3840
p/IMG_20220120_111652_BURST015.jpg 1 0 0 3840 3840
p/IMG_20220120_111652_BURST016.jpg 1 0 0 3840 3840
p/IMG_20220120_111652_BURST017.jpg 1 0 0 3840 3840
p/IMG_20220120_111652_BURST018.jpg 1 0 0 3840 3840
p/IMG_20220120_111652_BURST019.jpg 1 0 0 3840 3840
p/IMG_20220120_111652_BURST020.jpg 1 0 0 3840 3840
p/IMG_20220120_111652_BURST021.jpg 1 0 0 3840 3840
p/IMG_20220120_111652_BURST022.jpg 1 0 0 3840 3840
p/IMG_20220120_111652_BURST023.jpg 1 0 0 3840 3840
p/IMG_20220120_111652_BURST024.jpg 1 0 0 3840 3840
p/IMG_20220120_111652_BURST025.jpg 1 0 0 3840 3840
p/IMG_20220120_111652_BURST026.jpg 1 0 0 3840 3840
p/IMG_20220120_111652_BURST027.jpg 1 0 0 3840 3840
p/IMG_20220120_111652_BURST028.jpg 1 0 0 3840 3840
p/IMG_20220120_111652_BURST029.jpg 1 0 0 3840 3840
p/IMG_20220120_111652_BURST030.jpg 1 0 0 3840 3840
p/IMG_20220120_111652_BURST031.jpg 1 0 0 3840 3840
p/IMG_20220120_111652_BURST032.jpg 1 0 0 3840 3840
p/IMG_20220120_111652_BURST033.jpg 1 0 0 3840 3840
p/IMG_20220120_111652_BURST034.jpg 1 0 0 3840 3840
p/IMG_20220120_111652_BURST035.jpg 1 0 0 3840 3840
p/IMG_20220120_111652_BURST036.jpg 1 0 0 3840 3840
p/IMG_20220120_111652_BURST037.jpg 1 0 0 3840 3840
p/IMG_20220120_111652_BURST038.jpg 1 0 0 3840 3840
p/IMG_20220120_111652_BURST039.jpg 1 0 0 3840 3840
p/IMG_20220120_111652_BURST040.jpg 1 0 0 3840 3840
p/IMG_20220120_111652_BURST041.jpg 1 0 0 3840 3840
p/IMG_20220120_111652_BURST042.jpg 1 0 0 3840 3840
p/IMG_20220120_111652_BURST043.jpg 1 0 0 3840 3840
p/IMG_20220120_111652_BURST044.jpg 1 0 0 3840 3840
p/IMG_20220120_111652_BURST045.jpg 1 0 0 3840 3840
p/IMG_20220120_111652_BURST046.jpg 1 0 0 3840 3840
p/IMG_20220120_111652_BURST047.jpg 1 0 0 3840 3840
p/IMG_20220120_111652_BURST048.jpg 1 0 0 3840 3840
p/IMG_20220120_111652_BURST049.jpg 1 0 0 3840 3840
p/IMG_20220120_111652_BURST050.jpg 1 0 0 3840 3840
p/IMG_20220120_111652_BURST051.jpg 1 0 0 3840 3840
p/IMG_20220120_111652_BURST052.jpg 1 0 0 3840 3840
p/IMG_20220120_111652_BURST053.jpg 1 0 0 3840 3840
p/IMG_20220120_111652_BURST054.jpg 1 0 0 3840 3840
p/IMG_20220120_111652_BURST055.jpg 1 0 0 3840 3840
p/IMG_20220120_111652_BURST056.jpg 1 0 0 3840 3840
p/IMG_20220120_111652_BURST057.jpg 1 0 0 3840 3840
p/IMG_20220120_111652_BURST058.jpg 1 0 0 3840 3840
p/IMG_20220120_111702_BURST001_COVER.jpg 1 0 0 3840 3840
p/IMG_20220120_111702_BURST002.jpg 1 0 0 3840 3840
p/IMG_20220120_111702_BURST003.jpg 1 0 0 3840 3840
p/IMG_20220120_111702_BURST004.jpg 1 0 0 3840 3840
p/IMG_20220120_111702_BURST005.jpg 1 0 0 3840 3840
p/IMG_20220120_111702_BURST006.jpg 1 0 0 3840 3840
p/IMG_20220120_111702_BURST007.jpg 1 0 0 3840 3840
p/IMG_20220120_111702_BURST008.jpg 1 0 0 3840 3840
p/IMG_20220120_111702_BURST009.jpg 1 0 0 3840 3840
p/IMG_20220120_111702_BURST010.jpg 1 0 0 3840 3840
p/IMG_20220120_111702_BURST011.jpg 1 0 0 3840 3840
p/IMG_20220120_111702_BURST012.jpg 1 0 0 3840 3840
p/IMG_20220120_111702_BURST013.jpg 1 0 0 3840 3840
p/IMG_20220120_111702_BURST014.jpg 1 0 0 3840 3840
p/IMG_20220120_111702_BURST015.jpg 1 0 0 3840 3840
p/IMG_20220120_111702_BURST016.jpg 1 0 0 3840 3840
p/IMG_20220120_111702_BURST017.jpg 1 0 0 3840 3840
p/IMG_20220120_111702_BURST018.jpg 1 0 0 3840 3840
p/IMG_20220120_111702_BURST019.jpg 1 0 0 3840 3840
p/IMG_20220120_111702_BURST020.jpg 1 0 0 3840 3840
p/IMG_20220120_111702_BURST021.jpg 1 0 0 3840 3840
p/IMG_20220120_111702_BURST022.jpg 1 0 0 3840 3840
p/IMG_20220120_111702_BURST024.jpg 1 0 0 3840 3840
p/IMG_20220120_111702_BURST025.jpg 1 0 0 3840 3840
p/IMG_20220120_111702_BURST026.jpg 1 0 0 3840 3840
p/IMG_20220120_111702_BURST027.jpg 1 0 0 3840 3840
p/IMG_20220120_111702_BURST028.jpg 1 0 0 3840 3840
p/IMG_20220120_111702_BURST029.jpg 1 0 0 3840 3840
p/IMG_20220120_111702_BURST030.jpg 1 0 0 3840 3840
p/IMG_20220120_111702_BURST031.jpg 1 0 0 3840 3840
p/IMG_20220120_111702_BURST032.jpg 1 0 0 3840 3840
p/IMG_20220120_111702_BURST033.jpg 1 0 0 3840 3840
p/IMG_20220120_111702_BURST034.jpg 1 0 0 3840 3840
p/IMG_20220120_111702_BURST035.jpg 1 0 0 3840 3840
p/IMG_20220120_111702_BURST036.jpg 1 0 0 3840 3840
p/IMG_20220120_111702_BURST037.jpg 1 0 0 3840 3840
p/IMG_20220120_111702_BURST039.jpg 1 0 0 3840 3840
p/IMG_20220120_111702_BURST040.jpg 1 0 0 3840 3840
p/IMG_20220120_111702_BURST041.jpg 1 0 0 3840 3840
p/IMG_20220120_111702_BURST042.jpg 1 0 0 3840 3840
p/IMG_20220120_111702_BURST043.jpg 1 0 0 3840 3840
p/IMG_20220120_111702_BURST044.jpg 1 0 0 3840 3840
p/IMG_20220120_111702_BURST045.jpg 1 0 0 3840 3840
p/IMG_20220120_111702_BURST046.jpg 1 0 0 3840 3840
p/IMG_20220120_111702_BURST047.jpg 1 0 0 3840 3840
p/IMG_20220120_111702_BURST048.jpg 1 0 0 3840 3840
p/IMG_20220120_111702_BURST049.jpg 1 0 0 3840 3840
p/IMG_20220120_111702_BURST050.jpg 1 0 0 3840 3840
p/IMG_20220120_111702_BURST051.jpg 1 0 0 3840 3840
p/IMG_20220120_111702_BURST052.jpg 1 0 0 3840 3840
p/IMG_20220120_111702_BURST053.jpg 1 0 0 3840 3840
p/IMG_20220120_111702_BURST054.jpg 1 0 0 3840 3840
p/IMG_20220120_111702_BURST055.jpg 1 0 0 3840 3840
p/IMG_20220120_111702_BURST056.jpg 1 0 0 3840 3840
p/IMG_20220120_111702_BURST057.jpg 1 0 0 3840 3840
p/IMG_20220120_111702_BURST058.jpg 1 0 0 3840 3840
p/IMG_20220120_111702_BURST059.jpg 1 0 0 3840 3840
p/IMG_20220120_111702_BURST060.jpg 1 0 0 3840 3840
p/IMG_20220120_111702_BURST061.jpg 1 0 0 3840 3840
p/IMG_20220120_111702_BURST062.jpg 1 0 0 3840 3840
p/IMG_20220120_111702_BURST063.jpg 1 0 0 3840 3840
p/IMG_20220120_111702_BURST064.jpg 1 0 0 3840 3840
p/IMG_20220120_111702_BURST065.jpg 1 0 0 3840 3840
p/IMG_20220120_111702_BURST067.jpg 1 0 0 3840 3840
p/IMG_20220120_111702_BURST068.jpg 1 0 0 3840 3840
p/IMG_20220120_111702_BURST069.jpg 1 0 0 3840 3840
p/IMG_20220120_111702_BURST077.jpg 1 0 0 3840 3840
p/IMG_20220120_111723_BURST001_COVER.jpg 1 0 0 3840 3840
p/IMG_20220120_111723_BURST002.jpg 1 0 0 3840 3840
p/IMG_20220120_111723_BURST003.jpg 1 0 0 3840 3840
p/IMG_20220120_111723_BURST004.jpg 1 0 0 3840 3840
p/IMG_20220120_111723_BURST005.jpg 1 0 0 3840 3840
p/IMG_20220120_111723_BURST006.jpg 1 0 0 3840 3840
p/IMG_20220120_111723_BURST007.jpg 1 0 0 3840 3840
p/IMG_20220120_111723_BURST008.jpg 1 0 0 3840 3840
p/IMG_20220120_111723_BURST009.jpg 1 0 0 3840 3840
p/IMG_20220120_111723_BURST010.jpg 1 0 0 3840 3840
p/IMG_20220120_111723_BURST011.jpg 1 0 0 3840 3840
p/IMG_20220120_111723_BURST012.jpg 1 0 0 3840 3840
p/IMG_20220120_111723_BURST013.jpg 1 0 0 3840 3840
p/IMG_20220120_111723_BURST014.jpg 1 0 0 3840 3840
p/IMG_20220120_111723_BURST015.jpg 1 0 0 3840 3840
p/IMG_20220120_111723_BURST016.jpg 1 0 0 3840 3840
p/IMG_20220120_111723_BURST017.jpg 1 0 0 3840 3840
p/IMG_20220120_111723_BURST018.jpg 1 0 0 3840 3840
p/IMG_20220120_111723_BURST019.jpg 1 0 0 3840 3840
p/IMG_20220120_111723_BURST020.jpg 1 0 0 3840 3840
p/IMG_20220120_111723_BURST021.jpg 1 0 0 3840 3840
p/IMG_20220120_111723_BURST022.jpg 1 0 0 3840 3840
p/IMG_20220120_111723_BURST023.jpg 1 0 0 3840 3840
p/IMG_20220120_111723_BURST024.jpg 1 0 0 3840 3840
p/IMG_20220120_111723_BURST025.jpg 1 0 0 3840 3840
p/IMG_20220120_111723_BURST026.jpg 1 0 0 3840 3840
p/IMG_20220120_111723_BURST027.jpg 1 0 0 3840 3840
p/IMG_20220120_111723_BURST028.jpg 1 0 0 3840 3840
p/IMG_20220120_111723_BURST029.jpg 1 0 0 3840 3840
p/IMG_20220120_111723_BURST030.jpg 1 0 0 3840 3840
p/IMG_20220120_111723_BURST031.jpg 1 0 0 3840 3840
p/IMG_20220120_111723_BURST032.jpg 1 0 0 3840 3840
p/IMG_20220120_111723_BURST033.jpg 1 0 0 3840 3840
p/IMG_20220120_111723_BURST034.jpg 1 0 0 3840 3840
p/IMG_20220120_111723_BURST035.jpg 1 0 0 3840 3840
p/IMG_20220120_111723_BURST036.jpg 1 0 0 3840 3840
p/IMG_20220120_111723_BURST037.jpg 1 0 0 3840 3840
p/IMG_20220120_111723_BURST038.jpg 1 0 0 3840 3840
p/IMG_20220120_111723_BURST039.jpg 1 0 0 3840 3840
p/IMG_20220120_111723_BURST040.jpg 1 0 0 3840 3840
p/IMG_20220120_111723_BURST041.jpg 1 0 0 3840 3840
p/IMG_20220120_111723_BURST042.jpg 1 0 0 3840 3840
p/IMG_20220120_111723_BURST043.jpg 1 0 0 3840 3840
p/IMG_20220120_111723_BURST044.jpg 1 0 0 3840 3840
p/IMG_20220120_111723_BURST045.jpg 1 0 0 3840 3840
p/IMG_20220120_111723_BURST046.jpg 1 0 0 3840 3840
p/IMG_20220120_111723_BURST047.jpg 1 0 0 3840 3840
p/IMG_20220120_111723_BURST048.jpg 1 0 0 3840 3840
p/IMG_20220120_111723_BURST049.jpg 1 0 0 3840 3840
p/IMG_20220120_111723_BURST050.jpg 1 0 0 3840 3840
p/IMG_20220120_111723_BURST051.jpg 1 0 0 3840 3840
p/IMG_20220120_111723_BURST052.jpg 1 0 0 3840 3840
p/IMG_20220120_111723_BURST053.jpg 1 0 0 3840 3840
p/IMG_20220120_111723_BURST054.jpg 1 0 0 3840 3840
p/IMG_20220120_111723_BURST055.jpg 1 0 0 3840 3840
p/IMG_20220120_111723_BURST056.jpg 1 0 0 3840 3840
p/IMG_20220120_111723_BURST057.jpg 1 0 0 3840 3840
p/IMG_20220120_111723_BURST058.jpg 1 0 0 3840 3840
p/IMG_20220120_111723_BURST059.jpg 1 0 0 3840 3840
p/IMG_20220120_111723_BURST060.jpg 1 0 0 3840 3840
p/IMG_20220120_111723_BURST061.jpg 1 0 0 3840 3840
p/IMG_20220120_111723_BURST062.jpg 1 0 0 3840 3840
p/IMG_20220120_111723_BURST063.jpg 1 0 0 3840 3840
p/IMG_20220120_111732_BURST001_COVER.jpg 1 0 0 3840 3840
p/IMG_20220120_111732_BURST003.jpg 1 0 0 3840 3840
p/IMG_20220120_111732_BURST004.jpg 1 0 0 3840 3840
p/IMG_20220120_111732_BURST005.jpg 1 0 0 3840 3840
p/IMG_20220120_111732_BURST006.jpg 1 0 0 3840 3840
p/IMG_20220120_111732_BURST007.jpg 1 0 0 3840 3840
p/IMG_20220120_111732_BURST008.jpg 1 0 0 3840 3840
p/IMG_20220120_111732_BURST009.jpg 1 0 0 3840 3840
p/IMG_20220120_111732_BURST010.jpg 1 0 0 3840 3840
p/IMG_20220120_111732_BURST011.jpg 1 0 0 3840 3840
p/IMG_20220120_111732_BURST012.jpg 1 0 0 3840 3840
p/IMG_20220120_111732_BURST013.jpg 1 0 0 3840 3840
p/IMG_20220120_111732_BURST014.jpg 1 0 0 3840 3840
p/IMG_20220120_111732_BURST015.jpg 1 0 0 3840 3840
p/IMG_20220120_111732_BURST016.jpg 1 0 0 3840 3840
p/IMG_20220120_111732_BURST018.jpg 1 0 0 3840 3840
p/IMG_20220120_111732_BURST019.jpg 1 0 0 3840 3840
p/IMG_20220120_111732_BURST020.jpg 1 0 0 3840 3840
p/IMG_20220120_111732_BURST021.jpg 1 0 0 3840 3840
p/IMG_20220120_111732_BURST022.jpg 1 0 0 3840 3840
p/IMG_20220120_111732_BURST023.jpg 1 0 0 3840 3840
p/IMG_20220120_111732_BURST024.jpg 1 0 0 3840 3840
p/IMG_20220120_111732_BURST025.jpg 1 0 0 3840 3840
p/IMG_20220120_111732_BURST026.jpg 1 0 0 3840 3840
p/IMG_20220120_111732_BURST027.jpg 1 0 0 3840 3840
p/IMG_20220120_111732_BURST028.jpg 1 0 0 3840 3840
p/IMG_20220120_111732_BURST029.jpg 1 0 0 3840 3840
p/IMG_20220120_111732_BURST030.jpg 1 0 0 3840 3840
p/IMG_20220120_111732_BURST031.jpg 1 0 0 3840 3840
p/IMG_20220120_111732_BURST032.jpg 1 0 0 3840 3840
p/IMG_20220120_112155_BURST001_COVER.jpg 1 0 0 3840 3840
p/IMG_20220120_112155_BURST002.jpg 1 0 0 3840 3840
p/IMG_20220120_112155_BURST003.jpg 1 0 0 3840 3840
p/IMG_20220120_112155_BURST004.jpg 1 0 0 3840 3840
p/IMG_20220120_112155_BURST005.jpg 1 0 0 3840 3840
p/IMG_20220120_112155_BURST006.jpg 1 0 0 3840 3840
p/IMG_20220120_112155_BURST007.jpg 1 0 0 3840 3840
p/IMG_20220120_112155_BURST008.jpg 1 0 0 3840 3840
p/IMG_20220120_112155_BURST009.jpg 1 0 0 3840 3840
p/IMG_20220120_112155_BURST011.jpg 1 0 0 3840 3840
p/IMG_20220120_112155_BURST012.jpg 1 0 0 3840 3840
p/IMG_20220120_112155_BURST013.jpg 1 0 0 3840 3840
p/IMG_20220120_112155_BURST014.jpg 1 0 0 3840 3840
p/IMG_20220120_112155_BURST015.jpg 1 0 0 3840 3840
p/IMG_20220120_112155_BURST016.jpg 1 0 0 3840 3840
p/IMG_20220120_112155_BURST017.jpg 1 0 0 3840 3840
p/IMG_20220120_112155_BURST018.jpg 1 0 0 3840 3840
p/IMG_20220120_112155_BURST019.jpg 1 0 0 3840 3840
p/IMG_20220120_112155_BURST020.jpg 1 0 0 3840 3840
p/IMG_20220120_112155_BURST021.jpg 1 0 0 3840 3840
p/IMG_20220120_112155_BURST022.jpg 1 0 0 3840 3840
p/IMG_20220120_112155_BURST023.jpg 1 0 0 3840 3840
p/IMG_20220120_112155_BURST024.jpg 1 0 0 3840 3840
p/IMG_20220120_112155_BURST025.jpg 1 0 0 3840 3840
p/IMG_20220120_112155_BURST026.jpg 1 0 0 3840 3840
p/IMG_20220120_112155_BURST027.jpg 1 0 0 3840 3840
p/IMG_20220120_112155_BURST028.jpg 1 0 0 3840 3840
p/IMG_20220120_112155_BURST029.jpg 1 0 0 3840 3840
p/IMG_20220120_112155_BURST030.jpg 1 0 0 3840 3840
p/IMG_20220120_112155_BURST031.jpg 1 0 0 3840 3840
p/IMG_20220120_112155_BURST032.jpg 1 0 0 3840 3840
p/IMG_20220120_112155_BURST033.jpg 1 0 0 3840 3840
p/IMG_20220120_112155_BURST034.jpg 1 0 0 3840 3840
p/IMG_20220120_112155_BURST035.jpg 1 0 0 3840 3840
p/IMG_20220120_112155_BURST036.jpg 1 0 0 3840 3840
p/IMG_20220120_112155_BURST037.jpg 1 0 0 3840 3840
p/IMG_20220120_112155_BURST038.jpg 1 0 0 3840 3840
p/IMG_20220120_112155_BURST039.jpg 1 0 0 3840 3840
p/IMG_20220120_112155_BURST040.jpg 1 0 0 3840 3840
p/IMG_20220120_112155_BURST041.jpg 1 0 0 3840 3840
p/IMG_20220120_112155_BURST042.jpg 1 0 0 3840 3840
p/IMG_20220120_112155_BURST043.jpg 1 0 0 3840 3840
p/IMG_20220120_112155_BURST044.jpg 1 0 0 3840 3840
p/IMG_20220120_112155_BURST045.jpg 1 0 0 3840 3840
p/IMG_20220120_112155_BURST046.jpg 1 0 0 3840 3840
p/IMG_20220120_112155_BURST047.jpg 1 0 0 3840 3840
p/IMG_20220120_112155_BURST048.jpg 1 0 0 3840 3840
p/IMG_20220120_112155_BURST049.jpg 1 0 0 3840 3840
p/IMG_20220120_112155_BURST050.jpg 1 0 0 3840 3840
p/IMG_20220120_112155_BURST051.jpg 1 0 0 3840 3840
p/IMG_20220120_112155_BURST052.jpg 1 0 0 3840 3840
p/IMG_20220120_112202_BURST001_COVER.jpg 1 0 0 3840 3840
p/IMG_20220120_112202_BURST002.jpg 1 0 0 3840 3840
p/IMG_20220120_112202_BURST003.jpg 1 0 0 3840 3840
p/IMG_20220120_112202_BURST004.jpg 1 0 0 3840 3840
p/IMG_20220120_112202_BURST005.jpg 1 0 0 3840 3840
p/IMG_20220120_112202_BURST006.jpg 1 0 0 3840 3840
p/IMG_20220120_112202_BURST007.jpg 1 0 0 3840 3840
p/IMG_20220120_112202_BURST008.jpg 1 0 0 3840 3840
p/IMG_20220120_112202_BURST009.jpg 1 0 0 3840 3840
p/IMG_20220120_112202_BURST010.jpg 1 0 0 3840 3840
p/IMG_20220120_112202_BURST011.jpg 1 0 0 3840 3840
p/IMG_20220120_112202_BURST012.jpg 1 0 0 3840 3840
p/IMG_20220120_112202_BURST013.jpg 1 0 0 3840 3840
p/IMG_20220120_112202_BURST014.jpg 1 0 0 3840 3840
p/IMG_20220120_112202_BURST015.jpg 1 0 0 3840 3840
p/IMG_20220120_112202_BURST016.jpg 1 0 0 3840 3840
p/IMG_20220120_112202_BURST017.jpg 1 0 0 3840 3840
p/IMG_20220120_112202_BURST018.jpg 1 0 0 3840 3840
p/IMG_20220120_112202_BURST019.jpg 1 0 0 3840 3840
p/IMG_20220120_112202_BURST020.jpg 1 0 0 3840 3840
p/IMG_20220120_112202_BURST021.jpg 1 0 0 3840 3840
p/IMG_20220120_112202_BURST022.jpg 1 0 0 3840 3840
p/IMG_20220120_112202_BURST023.jpg 1 0 0 3840 3840
p/IMG_20220120_112202_BURST024.jpg 1 0 0 3840 3840
p/IMG_20220120_112202_BURST025.jpg 1 0 0 3840 3840
p/IMG_20220120_112202_BURST027.jpg 1 0 0 3840 3840
p/IMG_20220120_112202_BURST028.jpg 1 0 0 3840 3840
p/IMG_20220120_112202_BURST029.jpg 1 0 0 3840 3840
p/IMG_20220120_112202_BURST030.jpg 1 0 0 3840 3840
p/IMG_20220120_112208_BURST001_COVER.jpg 1 0 0 3840 3840
p/IMG_20220120_112208_BURST002.jpg 1 0 0 3840 3840
p/IMG_20220120_112208_BURST003.jpg 1 0 0 3840 3840
p/IMG_20220120_112208_BURST004.jpg 1 0 0 3840 3840
p/IMG_20220120_112208_BURST005.jpg 1 0 0 3840 3840
p/IMG_20220120_112208_BURST006.jpg 1 0 0 3840 3840
p/IMG_20220120_112208_BURST007.jpg 1 0 0 3840 3840
p/IMG_20220120_112208_BURST008.jpg 1 0 0 3840 3840
p/IMG_20220120_112208_BURST009.jpg 1 0 0 3840 3840
p/IMG_20220120_112208_BURST010.jpg 1 0 0 3840 3840
p/IMG_20220120_112208_BURST011.jpg 1 0 0 3840 3840
p/IMG_20220120_112208_BURST012.jpg 1 0 0 3840 3840
p/IMG_20220120_112208_BURST013.jpg 1 0 0 3840 3840
p/IMG_20220120_112208_BURST014.jpg 1 0 0 3840 3840
p/IMG_20220120_112208_BURST015.jpg 1 0 0 3840 3840
p/IMG_20220120_112208_BURST016.jpg 1 0 0 3840 3840
p/IMG_20220120_112208_BURST017.jpg 1 0 0 3840 3840
p/IMG_20220120_112208_BURST018.jpg 1 0 0 3840 3840
p/IMG_20220120_112208_BURST019.jpg 1 0 0 3840 3840
p/IMG_20220120_112208_BURST020.jpg 1 0 0 3840 3840
p/IMG_20220120_112208_BURST021.jpg 1 0 0 3840 3840
p/IMG_20220120_112208_BURST022.jpg 1 0 0 3840 3840
p/IMG_20220120_112208_BURST023.jpg 1 0 0 3840 3840
p/IMG_20220120_112208_BURST024.jpg 1 0 0 3840 3840
p/IMG_20220120_112208_BURST025.jpg 1 0 0 3840 3840
p/IMG_20220120_112208_BURST026.jpg 1 0 0 3840 3840
p/IMG_20220120_112208_BURST027.jpg 1 0 0 3840 3840
p/IMG_20220120_112208_BURST028.jpg 1 0 0 3840 3840
p/IMG_20220120_112208_BURST029.jpg 1 0 0 3840 3840
p/IMG_20220120_112208_BURST030.jpg 1 0 0 3840 3840
p/IMG_20220120_112208_BURST031.jpg 1 0 0 3840 3840
p/IMG_20220120_112208_BURST032.jpg 1 0 0 3840 3840
p/IMG_20220120_112208_BURST033.jpg 1 0 0 3840 3840
p/IMG_20220120_112208_BURST034.jpg 1 0 0 3840 3840
p/IMG_20220120_112208_BURST035.jpg 1 0 0 3840 3840
p/IMG_20220120_112208_BURST036.jpg 1 0 0 3840 3840
p/IMG_20220120_112208_BURST037.jpg 1 0 0 3840 3840
p/IMG_20220120_112208_BURST038.jpg 1 0 0 3840 3840
p/IMG_20220120_112208_BURST039.jpg 1 0 0 3840 3840
p/IMG_20220120_112208_BURST040.jpg 1 0 0 3840 3840
p/IMG_20220120_112208_BURST041.jpg 1 0 0 3840 3840
p/IMG_20220120_112208_BURST042.jpg 1 0 0 3840 3840
p/IMG_20220120_112208_BURST043.jpg 1 0 0 3840 3840
p/IMG_20220120_112208_BURST044.jpg 1 0 0 3840 3840
p/IMG_20220120_112208_BURST045.jpg 1 0 0 3840 3840
p/IMG_20220120_112208_BURST046.jpg 1 0 0 3840 3840
p/IMG_20220120_112208_BURST047.jpg 1 0 0 3840 3840
p/IMG_20220120_112208_BURST048.jpg 1 0 0 3840 3840
p/IMG_20220120_112208_BURST049.jpg 1 0 0 3840 3840
p/IMG_20220120_112208_BURST050.jpg 1 0 0 3840 3840
p/IMG_20220120_112208_BURST051.jpg 1 0 0 3840 3840
p/IMG_20220120_112208_BURST052.jpg 1 0 0 3840 3840
p/IMG_20220120_112208_BURST053.jpg 1 0 0 3840 3840
p/IMG_20220120_112208_BURST054.jpg 1 0 0 3840 3840
p/IMG_20220120_112208_BURST055.jpg 1 0 0 3840 3840
p/IMG_20220120_112208_BURST056.jpg 1 0 0 3840 3840
p/IMG_20220120_112208_BURST057.jpg 1 0 0 3840 3840
p/IMG_20220120_112223_BURST001_COVER.jpg 1 0 0 3840 3840
p/IMG_20220120_112223_BURST002.jpg 1 0 0 3840 3840
p/IMG_20220120_112223_BURST003.jpg 1 0 0 3840 3840
p/IMG_20220120_112223_BURST004.jpg 1 0 0 3840 3840
p/IMG_20220120_112223_BURST005.jpg 1 0 0 3840 3840
p/IMG_20220120_112223_BURST006.jpg 1 0 0 3840 3840
p/IMG_20220120_112223_BURST007.jpg 1 0 0 3840 3840
p/IMG_20220120_112223_BURST008.jpg 1 0 0 3840 3840
p/IMG_20220120_112223_BURST009.jpg 1 0 0 3840 3840
p/IMG_20220120_112223_BURST010.jpg 1 0 0 3840 3840
p/IMG_20220120_112223_BURST011.jpg 1 0 0 3840 3840
p/IMG_20220120_112223_BURST012.jpg 1 0 0 3840 3840
p/IMG_20220120_112223_BURST013.jpg 1 0 0 3840 3840
p/IMG_20220120_112223_BURST014.jpg 1 0 0 3840 3840
p/IMG_20220120_112223_BURST015.jpg 1 0 0 3840 3840
p/IMG_20220120_112223_BURST016.jpg 1 0 0 3840 3840
p/IMG_20220120_112223_BURST017.jpg 1 0 0 3840 3840
p/IMG_20220120_112223_BURST018.jpg 1 0 0 3840 3840
p/IMG_20220120_112223_BURST019.jpg 1 0 0 3840 3840
p/IMG_20220120_112223_BURST020.jpg 1 0 0 3840 3840
p/IMG_20220120_112223_BURST021.jpg 1 0 0 3840 3840
p/IMG_20220120_112223_BURST022.jpg 1 0 0 3840 3840
p/IMG_20220120_112223_BURST023.jpg 1 0 0 3840 3840
p/IMG_20220120_112223_BURST024.jpg 1 0 0 3840 3840
p/IMG_20220120_112223_BURST025.jpg 1 0 0 3840 3840
p/IMG_20220120_112223_BURST026.jpg 1 0 0 3840 3840
p/IMG_20220120_112223_BURST027.jpg 1 0 0 3840 3840
p/IMG_20220120_112223_BURST028.jpg 1 0 0 3840 3840
p/IMG_20220120_112223_BURST029.jpg 1 0 0 3840 3840
p/IMG_20220120_112223_BURST030.jpg 1 0 0 3840 3840
p/IMG_20220120_112223_BURST031.jpg 1 0 0 3840 3840
p/IMG_20220120_112223_BURST032.jpg 1 0 0 3840 3840
p/IMG_20220120_112223_BURST033.jpg 1 0 0 3840 3840
p/IMG_20220120_112223_BURST034.jpg 1 0 0 3840 3840
p/IMG_20220120_112223_BURST035.jpg 1 0 0 3840 3840
p/IMG_20220120_112223_BURST036.jpg 1 0 0 3840 3840
p/IMG_20220120_112223_BURST037.jpg 1 0 0 3840 3840
p/IMG_20220120_112223_BURST038.jpg 1 0 0 3840 3840
p/IMG_20220120_112223_BURST039.jpg 1 0 0 3840 3840
p/IMG_20220120_112223_BURST040.jpg 1 0 0 3840 3840
p/IMG_20220120_112223_BURST041.jpg 1 0 0 3840 3840
p/IMG_20220120_112223_BURST042.jpg 1 0 0 3840 3840
p/IMG_20220120_112223_BURST043.jpg 1 0 0 3840 3840
p/IMG_20220120_112223_BURST044.jpg 1 0 0 3840 3840
p/IMG_20220120_112223_BURST045.jpg 1 0 0 3840 3840
p/IMG_20220120_112223_BURST046.jpg 1 0 0 3840 3840
p/IMG_20220120_112223_BURST047.jpg 1 0 0 3840 3840
p/IMG_20220120_112223_BURST048.jpg 1 0 0 3840 3840
p/IMG_20220120_112223_BURST049.jpg 1 0 0 3840 3840
p/IMG_20220120_112223_BURST050.jpg 1 0 0 3840 3840
p/IMG_20220120_112223_BURST051.jpg 1 0 0 3840 3840
p/IMG_20220120_112223_BURST052.jpg 1 0 0 3840 3840
p/IMG_20220120_112223_BURST053.jpg 1 0 0 3840 3840
p/IMG_20220120_112223_BURST054.jpg 1 0 0 3840 3840
p/IMG_20220120_112223_BURST055.jpg 1 0 0 3840 3840
p/IMG_20220120_112223_BURST056.jpg 1 0 0 3840 3840
p/IMG_20220120_112223_BURST057.jpg 1 0 0 3840 3840
p/IMG_20220120_112238_BURST001_COVER.jpg 1 0 0 3840 3840
p/IMG_20220120_112238_BURST002.jpg 1 0 0 3840 3840
p/IMG_20220120_112238_BURST003.jpg 1 0 0 3840 3840
p/IMG_20220120_112238_BURST004.jpg 1 0 0 3840 3840
p/IMG_20220120_112238_BURST005.jpg 1 0 0 3840 3840
p/IMG_20220120_112238_BURST006.jpg 1 0 0 3840 3840
p/IMG_20220120_112238_BURST007.jpg 1 0 0 3840 3840
p/IMG_20220120_112238_BURST008.jpg 1 0 0 3840 3840
p/IMG_20220120_112238_BURST009.jpg 1 0 0 3840 3840
p/IMG_20220120_112238_BURST010.jpg 1 0 0 3840 3840
p/IMG_20220120_112238_BURST011.jpg 1 0 0 3840 3840
p/IMG_20220120_112238_BURST012.jpg 1 0 0 3840 3840
p/IMG_20220120_112238_BURST013.jpg 1 0 0 3840 3840
p/IMG_20220120_112238_BURST014.jpg 1 0 0 3840 3840
p/IMG_20220120_112238_BURST015.jpg 1 0 0 3840 3840
p/IMG_20220120_112238_BURST016.jpg 1 0 0 3840 3840
p/IMG_20220120_112238_BURST017.jpg 1 0 0 3840 3840
p/IMG_20220120_112238_BURST018.jpg 1 0 0 3840 3840
p/IMG_20220120_112238_BURST019.jpg 1 0 0 3840 3840
p/IMG_20220120_112238_BURST020.jpg 1 0 0 3840 3840
p/IMG_20220120_112238_BURST021.jpg 1 0 0 3840 3840
p/IMG_20220120_112238_BURST022.jpg 1 0 0 3840 3840
p/IMG_20220120_112238_BURST023.jpg 1 0 0 3840 3840
p/IMG_20220120_112238_BURST024.jpg 1 0 0 3840 3840
p/IMG_20220120_112238_BURST025.jpg 1 0 0 3840 3840
p/IMG_20220120_112238_BURST026.jpg 1 0 0 3840 3840
p/IMG_20220120_112238_BURST027.jpg 1 0 0 3840 3840
p/IMG_20220120_112238_BURST028.jpg 1 0 0 3840 3840
p/IMG_20220120_112238_BURST029.jpg 1 0 0 3840 3840
p/IMG_20220120_112238_BURST030.jpg 1 0 0 3840 3840
p/IMG_20220120_112238_BURST031.jpg 1 0 0 3840 3840
p/IMG_20220120_112238_BURST032.jpg 1 0 0 3840 3840
p/IMG_20220120_112238_BURST033.jpg 1 0 0 3840 3840
p/IMG_20220120_112238_BURST034.jpg 1 0 0 3840 3840
p/IMG_20220120_112238_BURST035.jpg 1 0 0 3840 3840
p/IMG_20220120_112238_BURST036.jpg 1 0 0 3840 3840
p/IMG_20220120_112238_BURST037.jpg 1 0 0 3840 3840
p/IMG_20220120_112238_BURST038.jpg 1 0 0 3840 3840
p/IMG_20220120_112238_BURST039.jpg 1 0 0 3840 3840
p/IMG_20220120_112238_BURST040.jpg 1 0 0 3840 3840
p/IMG_20220120_112238_BURST042.jpg 1 0 0 3840 3840
p/IMG_20220120_112238_BURST043.jpg 1 0 0 3840 3840
p/IMG_20220120_112238_BURST044.jpg 1 0 0 3840 3840
p/IMG_20220120_112238_BURST045.jpg 1 0 0 3840 3840
p/IMG_20220120_112238_BURST046.jpg 1 0 0 3840 3840
p/IMG_20220120_112238_BURST047.jpg 1 0 0 3840 3840
p/IMG_20220120_112238_BURST048.jpg 1 0 0 3840 3840
p/IMG_20220120_112238_BURST049.jpg 1 0 0 3840 3840
p/IMG_20220120_112238_BURST050.jpg 1 0 0 3840 3840
p/IMG_20220120_112238_BURST051.jpg 1 0 0 3840 3840
p/IMG_20220120_112238_BURST052.jpg 1 0 0 3840 3840
p/IMG_20220120_112238_BURST053.jpg 1 0 0 3840 3840
p/IMG_20220120_112238_BURST054.jpg 1 0 0 3840 3840
p/IMG_20220120_112238_BURST055.jpg 1 0 0 3840 3840
p/IMG_20220120_112238_BURST056.jpg 1 0 0 3840 3840
p/IMG_20220120_112238_BURST057.jpg 1 0 0 3840 3840
p/IMG_20220120_112238_BURST058.jpg 1 0 0 3840 3840
p/IMG_20220120_112238_BURST059.jpg 1 0 0 3840 3840
p/IMG_20220120_112238_BURST060.jpg 1 0 0 3840 3840
p/IMG_20220120_112238_BURST061.jpg 1 0 0 3840 3840
p/IMG_20220120_112238_BURST062.jpg 1 0 0 3840 3840
p/IMG_20220120_112238_BURST063.jpg 1 0 0 3840 3840
p/IMG_20220120_112238_BURST064.jpg 1 0 0 3840 3840
p/IMG_20220120_112246_BURST001_COVER.jpg 1 0 0 3840 3840
p/IMG_20220120_112246_BURST002.jpg 1 0 0 3840 3840
p/IMG_20220120_112246_BURST003.jpg 1 0 0 3840 3840
p/IMG_20220120_112246_BURST004.jpg 1 0 0 3840 3840
p/IMG_20220120_112246_BURST005.jpg 1 0 0 3840 3840
p/IMG_20220120_112246_BURST006.jpg 1 0 0 3840 3840
p/IMG_20220120_112246_BURST007.jpg 1 0 0 3840 3840
p/IMG_20220120_112246_BURST008.jpg 1 0 0 3840 3840
p/IMG_20220120_112246_BURST009.jpg 1 0 0 3840 3840
p/IMG_20220120_112246_BURST010.jpg 1 0 0 3840 3840
p/IMG_20220120_112246_BURST011.jpg 1 0 0 3840 3840
p/IMG_20220120_112246_BURST012.jpg 1 0 0 3840 3840
p/IMG_20220120_112246_BURST013.jpg 1 0 0 3840 3840
p/IMG_20220120_112246_BURST014.jpg 1 0 0 3840 3840
p/IMG_20220120_112246_BURST015.jpg 1 0 0 3840 3840
p/IMG_20220120_112246_BURST016.jpg 1 0 0 3840 3840
p/IMG_20220120_112246_BURST017.jpg 1 0 0 3840 3840
p/IMG_20220120_112246_BURST018.jpg 1 0 0 3840 3840
p/IMG_20220120_112246_BURST019.jpg 1 0 0 3840 3840
p/IMG_20220120_112246_BURST020.jpg 1 0 0 3840 3840
p/IMG_20220120_112246_BURST021.jpg 1 0 0 3840 3840
p/IMG_20220120_112246_BURST022.jpg 1 0 0 3840 3840
p/IMG_20220120_112246_BURST023.jpg 1 0 0 3840 3840
p/IMG_20220120_112246_BURST024.jpg 1 0 0 3840 3840
p/IMG_20220120_112246_BURST025.jpg 1 0 0 3840 3840
p/IMG_20220120_112246_BURST026.jpg 1 0 0 3840 3840
p/IMG_20220120_112246_BURST027.jpg 1 0 0 3840 3840
p/IMG_20220120_112246_BURST028.jpg 1 0 0 3840 3840
p/IMG_20220120_112246_BURST029.jpg 1 0 0 3840 3840
p/IMG_20220120_112246_BURST030.jpg 1 0 0 3840 3840
p/IMG_20220120_112246_BURST031.jpg 1 0 0 3840 3840
p/IMG_20220120_112246_BURST032.jpg 1 0 0 3840 3840
p/IMG_20220120_112246_BURST033.jpg 1 0 0 3840 3840
p/IMG_20220120_112246_BURST034.jpg 1 0 0 3840 3840
p/IMG_20220120_112246_BURST035.jpg 1 0 0 3840 3840
p/IMG_20220120_112246_BURST036.jpg 1 0 0 3840 3840
p/IMG_20220120_112246_BURST037.jpg 1 0 0 3840 3840
p/IMG_20220120_112246_BURST038.jpg 1 0 0 3840 3840
p/IMG_20220120_112253_BURST001_COVER.jpg 1 0 0 3840 3840
p/IMG_20220120_112253_BURST002.jpg 1 0 0 3840 3840
p/IMG_20220120_112253_BURST003.jpg 1 0 0 3840 3840
p/IMG_20220120_112253_BURST004.jpg 1 0 0 3840 3840
p/IMG_20220120_112253_BURST005.jpg 1 0 0 3840 3840
p/IMG_20220120_112253_BURST006.jpg 1 0 0 3840 3840
p/IMG_20220120_112253_BURST007.jpg 1 0 0 3840 3840
p/IMG_20220120_112253_BURST008.jpg 1 0 0 3840 3840
p/IMG_20220120_112253_BURST009.jpg 1 0 0 3840 3840
p/IMG_20220120_112253_BURST010.jpg 1 0 0 3840 3840
p/IMG_20220120_112253_BURST011.jpg 1 0 0 3840 3840
p/IMG_20220120_112253_BURST012.jpg 1 0 0 3840 3840
p/IMG_20220120_112253_BURST013.jpg 1 0 0 3840 3840
p/IMG_20220120_112253_BURST014.jpg 1 0 0 3840 3840
p/IMG_20220120_112253_BURST015.jpg 1 0 0 3840 3840
p/IMG_20220120_112253_BURST016.jpg 1 0 0 3840 3840
p/IMG_20220120_112253_BURST017.jpg 1 0 0 3840 3840
p/IMG_20220120_112253_BURST018.jpg 1 0 0 3840 3840
p/IMG_20220120_112253_BURST019.jpg 1 0 0 3840 3840
p/IMG_20220120_112253_BURST020.jpg 1 0 0 3840 3840
p/IMG_20220120_112253_BURST021.jpg 1 0 0 3840 3840
p/IMG_20220120_112253_BURST022.jpg 1 0 0 3840 3840
